#
# A fatal error has been detected by the Java Runtime Environment:
#
#  SIGSEGV (0xb) at pc=0x00007fff8a214fc9, pid=1169, tid=30211
#
# JRE version: Java(TM) SE Runtime Environment (8.0_65-b17) (build 1.8.0_65-b17)
# Java VM: Java HotSpot(TM) 64-Bit Server VM (25.65-b01 mixed mode bsd-amd64 compressed oops)
# Problematic frame:
# C  [libsystem_platform.dylib+0x4fc9]  _platform_memmove$VARIANT$Unknown+0x29
#
# Failed to write core dump. Core dumps have been disabled. To enable core dumping, try "ulimit -c unlimited" before starting Java again
#
# If you would like to submit a bug report, please visit:
#   http://bugreport.java.com/bugreport/crash.jsp
# The crash happened outside the Java Virtual Machine in native code.
# See problematic frame for where to report the bug.
#

---------------  T H R E A D  ---------------

Current thread (0x00007f8f0a679000):  JavaThread "http-nio-9001-exec-2" daemon [_thread_in_native, id=30211, stack(0x000000012c258000,0x000000012c358000)]

siginfo: si_signo: 11 (SIGSEGV), si_code: 1 (SEGV_MAPERR), si_addr: 0x00000001263e5000

Registers:
RAX=0x00007f8f10756002, RBX=0x00000001263dd453, RCX=0x0000000000005436, RDX=0x0000000000006146
RSP=0x000000012c34ef30, RBP=0x000000012c34ef30, RSI=0x00000001263e5000, RDI=0x00007f8f10756d12
R8 =0x0000000000000000, R9 =0x0000000000000048, R10=0x00000000c29dcaf0, R11=0x00007f8dea371d12
R12=0x000000006e6e6f43, R13=0x00000000014b5073, R14=0x0000000069746365, R15=0x0000000000006146
RIP=0x00007fff8a214fc9, EFLAGS=0x0000000000010202, ERR=0x0000000000000004
  TRAPNO=0x000000000000000e

Top of Stack: (sp=0x000000012c34ef30)
0x000000012c34ef30:   000000012c34efa0 00000001051f9086
0x000000012c34ef40:   000000462d038470 0000000000000061
0x000000012c34ef50:   0000000000007463 00007f8f1049c600
0x000000012c34ef60:   0000000000006e6f 00007f8f0b0d3330
0x000000012c34ef70:   00007f8f11cc88d0 00007f8f0b0d3330
0x000000012c34ef80:   00007f8f0e046000 00000000000023e0
0x000000012c34ef90:   0000000034a0e25a 00007f8f11f182d0
0x000000012c34efa0:   000000012c34f000 00000001051f9554
0x000000012c34efb0:   000000012c34f03e 000000012c34f03d
0x000000012c34efc0:   0000001e00000000 0000001f01679000
0x000000012c34efd0:   000000012c34f01e 000000012c34f468
0x000000012c34efe0:   000000000000001f 000000012c34f01e
0x000000012c34eff0:   00007f8f0b0d3330 00007f8f0a6791f8
0x000000012c34f000:   000000012c34f450 00000001051f834f
0x000000012c34f010:   000000012c34f180 726f000100000001
0x000000012c34f020:   6e69676e65752f67 642f6c6974752f65
0x000000012c34f030:   2e4f4144492f6f61 0000007373616c63
0x000000012c34f040:   0000000104f85000 0000000779921d40
0x000000012c34f050:   00000006c13d5fb0 00007f8f2818e158
0x000000012c34f060:   0000000000000000 00007f8f09023000
0x000000012c34f070:   000000012c34f0d0 00007fff97ce9b95
0x000000012c34f080:   000000012728eb50 000000012c010168
0x000000012c34f090:   0000000000000001 000000012c34f048
0x000000012c34f0a0:   000000012c34f089 0000000800000002
0x000000012c34f0b0:   0000000000000000 00007f8f11be01a0
0x000000012c34f0c0:   00007f8f105e4200 00007f8f105e5660
0x000000012c34f0d0:   00007f8f105ec1e8 00000000000083b0
0x000000012c34f0e0:   0000000106a21a50 0000000120b36490
0x000000012c34f0f0:   00000000067dd799 0000000000000001
0x000000012c34f100:   0000000000000000 00007fff97cf3ec5
0x000000012c34f110:   000000012030c3d8 00007f8f0a679000
0x000000012c34f120:   000000012030c3d8 00007f8f0a679000 

Instructions: (pc=0x00007fff8a214fc9)
0x00007fff8a214fa9:   f3 48 89 f8 49 39 d3 72 1b 48 83 fa 60 76 2f 48
0x00007fff8a214fb9:   81 fa 00 40 00 00 0f 82 bb 00 00 00 48 89 d1 fc
0x00007fff8a214fc9:   f3 a4 5d c3 48 39 fe 74 f9 48 01 d6 48 01 d7 48
0x00007fff8a214fd9:   83 fa 60 0f 82 5c 01 00 00 e9 79 01 00 00 48 83 

Register to memory mapping:

RAX=0x00007f8f10756002 is an unknown value
RBX=0x00000001263dd453 is an unknown value
RCX=0x0000000000005436 is an unknown value
RDX=0x0000000000006146 is an unknown value
RSP=0x000000012c34ef30 is pointing into the stack for thread: 0x00007f8f0a679000
RBP=0x000000012c34ef30 is pointing into the stack for thread: 0x00007f8f0a679000
RSI=0x00000001263e5000 is an unknown value
RDI=0x00007f8f10756d12 is an unknown value
R8 =0x0000000000000000 is an unknown value
R9 =0x0000000000000048 is an unknown value
R10=0x00000000c29dcaf0 is an unknown value
R11=0x00007f8dea371d12 is an unknown value
R12=0x000000006e6e6f43 is an unknown value
R13=0x00000000014b5073 is an unknown value
R14=0x0000000069746365 is an unknown value
R15=0x0000000000006146 is an unknown value


Stack: [0x000000012c258000,0x000000012c358000],  sp=0x000000012c34ef30,  free space=987k
Native frames: (J=compiled Java code, j=interpreted, Vv=VM code, C=native code)
C  [libsystem_platform.dylib+0x4fc9]  _platform_memmove$VARIANT$Unknown+0x29
C  [libzip.dylib+0x3086]  newEntry+0x321
C  [libzip.dylib+0x3554]  ZIP_GetEntry2+0xd4
C  [libzip.dylib+0x234f]  Java_java_util_zip_ZipFile_getEntry+0xcf
J 128  java.util.zip.ZipFile.getEntry(J[BZ)J (0 bytes) @ 0x00000001072d4b4e [0x00000001072d4a80+0xce]
J 6949 C2 sun.misc.URLClassPath$JarLoader.getResource(Ljava/lang/String;Z)Lsun/misc/Resource; (85 bytes) @ 0x0000000107388158 [0x0000000107387da0+0x3b8]
J 11857 C2 java.net.URLClassLoader$1.run()Ljava/lang/Class; (63 bytes) @ 0x00000001090b1570 [0x00000001090b0fa0+0x5d0]
J 8434 C2 java.net.URLClassLoader$1.run()Ljava/lang/Object; (5 bytes) @ 0x00000001072bb114 [0x00000001072bb0e0+0x34]
v  ~StubRoutines::call_stub
V  [libjvm.dylib+0x2eab02]  JavaCalls::call_helper(JavaValue*, methodHandle*, JavaCallArguments*, Thread*)+0x6ae
V  [libjvm.dylib+0x34afcc]  JVM_DoPrivileged+0x4b8
J 283  java.security.AccessController.doPrivileged(Ljava/security/PrivilegedExceptionAction;Ljava/security/AccessControlContext;)Ljava/lang/Object; (0 bytes) @ 0x000000010733cbd5 [0x000000010733cb00+0xd5]
J 4289 C2 java.net.URLClassLoader.findClass(Ljava/lang/String;)Ljava/lang/Class; (47 bytes) @ 0x0000000108057b7c [0x0000000108057ae0+0x9c]
J 5048 C2 java.lang.ClassLoader.loadClass(Ljava/lang/String;Z)Ljava/lang/Class; (122 bytes) @ 0x0000000107aa15a8 [0x0000000107aa1320+0x288]
J 9389 C2 java.lang.ClassLoader.loadClass(Ljava/lang/String;)Ljava/lang/Class; (7 bytes) @ 0x00000001085978e0 [0x00000001085978a0+0x40]
v  ~StubRoutines::call_stub
V  [libjvm.dylib+0x2eab02]  JavaCalls::call_helper(JavaValue*, methodHandle*, JavaCallArguments*, Thread*)+0x6ae
V  [libjvm.dylib+0x2eb290]  JavaCalls::call_virtual(JavaValue*, KlassHandle, Symbol*, Symbol*, JavaCallArguments*, Thread*)+0x164
V  [libjvm.dylib+0x2eb3e8]  JavaCalls::call_virtual(JavaValue*, Handle, KlassHandle, Symbol*, Symbol*, Handle, Thread*)+0x56
V  [libjvm.dylib+0x533640]  SystemDictionary::load_instance_class(Symbol*, Handle, Thread*)+0x2d8
V  [libjvm.dylib+0x532dd9]  SystemDictionary::resolve_instance_class_or_null(Symbol*, Handle, Handle, Thread*)+0x48f
V  [libjvm.dylib+0x53385c]  SystemDictionary::resolve_or_null(Symbol*, Handle, Handle, Thread*)+0x106
V  [libjvm.dylib+0x533ed9]  SystemDictionary::resolve_or_fail(Symbol*, Handle, Handle, bool, Thread*)+0x31
V  [libjvm.dylib+0x57d43c]  VerificationType::is_reference_assignable_from(VerificationType const&, ClassVerifier*, bool, Thread*) const+0xe4
V  [libjvm.dylib+0x5006b7]  VerificationType::is_assignable_from(VerificationType const&, ClassVerifier*, bool, Thread*) const+0x13f
V  [libjvm.dylib+0x4ffc96]  StackMapFrame::is_assignable_to(VerificationType*, VerificationType*, int, Thread*) const+0x3a
V  [libjvm.dylib+0x500023]  StackMapFrame::is_assignable_to(StackMapFrame const*, bool, ErrorContext*, Thread*) const+0x125
V  [libjvm.dylib+0x5015cb]  StackMapTable::match_stackmap(StackMapFrame*, int, int, bool, bool, bool, ErrorContext*, Thread*) const+0xf3
V  [libjvm.dylib+0x5016d7]  StackMapTable::match_stackmap(StackMapFrame*, int, bool, bool, bool, ErrorContext*, Thread*) const+0x53
V  [libjvm.dylib+0x50176a]  StackMapTable::check_jump_target(StackMapFrame*, int, Thread*) const+0x86
V  [libjvm.dylib+0x585d46]  ClassVerifier::verify_method(methodHandle, Thread*)+0x1252
V  [libjvm.dylib+0x59c852]  ClassVerifier::verify_class(Thread*)+0xbe
V  [libjvm.dylib+0x59d4ae]  Verifier::verify(instanceKlassHandle, Verifier::Mode, bool, Thread*)+0x110
V  [libjvm.dylib+0x2bea8d]  InstanceKlass::link_class_impl(instanceKlassHandle, bool, Thread*)+0x397
V  [libjvm.dylib+0x2bec9d]  InstanceKlass::link_class(Thread*)+0x3b
V  [libjvm.dylib+0x3494d7]  JVM_GetClassDeclaredFields+0xb0
J 1021  java.lang.Class.getDeclaredFields0(Z)[Ljava/lang/reflect/Field; (0 bytes) @ 0x000000010754aee8 [0x000000010754ae40+0xa8]
J 10054 C2 java.lang.Class.privateGetDeclaredFields(Z)[Ljava/lang/reflect/Field; (67 bytes) @ 0x0000000108a268d4 [0x0000000108a267e0+0xf4]
J 11506 C1 com.fasterxml.jackson.databind.introspect.AnnotatedClass._findFields(Lcom/fasterxml/jackson/databind/JavaType;Lcom/fasterxml/jackson/databind/introspect/TypeResolutionContext;Ljava/util/Map;)Ljava/util/Map; (155 bytes) @ 0x0000000108fa43a4 [0x0000000108fa3d40+0x664]
j  com.fasterxml.jackson.databind.introspect.AnnotatedClass.resolveFields()V+7
J 12231 C1 com.fasterxml.jackson.databind.introspect.POJOPropertiesCollector._addFields(Ljava/util/Map;)V (348 bytes) @ 0x00000001091f6694 [0x00000001091f60a0+0x5f4]
J 12987 C1 com.fasterxml.jackson.databind.introspect.POJOPropertiesCollector.collectAll()V (180 bytes) @ 0x0000000109402d2c [0x0000000109402b20+0x20c]
J 11366 C1 com.fasterxml.jackson.databind.introspect.BasicBeanDescription.findProperties()Ljava/util/List; (5 bytes) @ 0x0000000108f1a9dc [0x0000000108f1a7e0+0x1fc]
J 11686 C1 com.fasterxml.jackson.databind.deser.BasicDeserializerFactory._findCreatorsFromProperties(Lcom/fasterxml/jackson/databind/DeserializationContext;Lcom/fasterxml/jackson/databind/BeanDescription;)Ljava/util/Map; (223 bytes) @ 0x0000000109000a8c [0x0000000109000940+0x14c]
J 11774 C1 com.fasterxml.jackson.databind.deser.BasicDeserializerFactory._constructDefaultValueInstantiator(Lcom/fasterxml/jackson/databind/DeserializationContext;Lcom/fasterxml/jackson/databind/BeanDescription;)Lcom/fasterxml/jackson/databind/deser/ValueInstantiator; (96 bytes) @ 0x0000000109044bac [0x0000000109044200+0x9ac]
J 11783 C1 com.fasterxml.jackson.databind.deser.BasicDeserializerFactory.findValueInstantiator(Lcom/fasterxml/jackson/databind/DeserializationContext;Lcom/fasterxml/jackson/databind/BeanDescription;)Lcom/fasterxml/jackson/databind/deser/ValueInstantiator; (226 bytes) @ 0x0000000109057694 [0x0000000109056ac0+0xbd4]
j  com.fasterxml.jackson.databind.deser.BeanDeserializerFactory.buildBeanDeserializer(Lcom/fasterxml/jackson/databind/DeserializationContext;Lcom/fasterxml/jackson/databind/JavaType;Lcom/fasterxml/jackson/databind/BeanDescription;)Lcom/fasterxml/jackson/databind/JsonDeserializer;+3
J 11400 C1 com.fasterxml.jackson.databind.deser.BeanDeserializerFactory.createBeanDeserializer(Lcom/fasterxml/jackson/databind/DeserializationContext;Lcom/fasterxml/jackson/databind/JavaType;Lcom/fasterxml/jackson/databind/BeanDescription;)Lcom/fasterxml/jackson/databind/JsonDeserializer; (136 bytes) @ 0x0000000108f377c4 [0x0000000108f36b20+0xca4]
J 11414 C1 com.fasterxml.jackson.databind.deser.DeserializerCache._createDeserializer2(Lcom/fasterxml/jackson/databind/DeserializationContext;Lcom/fasterxml/jackson/databind/deser/DeserializerFactory;Lcom/fasterxml/jackson/databind/JavaType;Lcom/fasterxml/jackson/databind/BeanDescription;)Lcom/fasterxml/jackson/databind/JsonDeserializer; (211 bytes) @ 0x0000000108f42fd4 [0x0000000108f41aa0+0x1534]
J 11233 C1 com.fasterxml.jackson.databind.deser.DeserializerCache._createDeserializer(Lcom/fasterxml/jackson/databind/DeserializationContext;Lcom/fasterxml/jackson/databind/deser/DeserializerFactory;Lcom/fasterxml/jackson/databind/JavaType;)Lcom/fasterxml/jackson/databind/JsonDeserializer; (195 bytes) @ 0x0000000108ec22bc [0x0000000108ec0240+0x207c]
J 11238 C1 com.fasterxml.jackson.databind.deser.DeserializerCache._createAndCache2(Lcom/fasterxml/jackson/databind/DeserializationContext;Lcom/fasterxml/jackson/databind/deser/DeserializerFactory;Lcom/fasterxml/jackson/databind/JavaType;)Lcom/fasterxml/jackson/databind/JsonDeserializer; (114 bytes) @ 0x0000000108ec4af4 [0x0000000108ec49e0+0x114]
J 10991 C1 com.fasterxml.jackson.databind.deser.DeserializerCache._createAndCacheValueDeserializer(Lcom/fasterxml/jackson/databind/DeserializationContext;Lcom/fasterxml/jackson/databind/deser/DeserializerFactory;Lcom/fasterxml/jackson/databind/JavaType;)Lcom/fasterxml/jackson/databind/JsonDeserializer; (136 bytes) @ 0x00000001081b2904 [0x00000001081b2380+0x584]
J 10993 C1 com.fasterxml.jackson.databind.deser.DeserializerCache.findValueDeserializer(Lcom/fasterxml/jackson/databind/DeserializationContext;Lcom/fasterxml/jackson/databind/deser/DeserializerFactory;Lcom/fasterxml/jackson/databind/JavaType;)Lcom/fasterxml/jackson/databind/JsonDeserializer; (37 bytes) @ 0x00000001081b125c [0x00000001081b1060+0x1fc]
J 11129 C1 com.fasterxml.jackson.databind.DeserializationContext.findNonContextualValueDeserializer(Lcom/fasterxml/jackson/databind/JavaType;)Lcom/fasterxml/jackson/databind/JsonDeserializer; (14 bytes) @ 0x0000000108587154 [0x0000000108587040+0x114]
j  com.fasterxml.jackson.databind.deser.BeanDeserializerBase.resolve(Lcom/fasterxml/jackson/databind/DeserializationContext;)V+91
J 11238 C1 com.fasterxml.jackson.databind.deser.DeserializerCache._createAndCache2(Lcom/fasterxml/jackson/databind/DeserializationContext;Lcom/fasterxml/jackson/databind/deser/DeserializerFactory;Lcom/fasterxml/jackson/databind/JavaType;)Lcom/fasterxml/jackson/databind/JsonDeserializer; (114 bytes) @ 0x0000000108ec5064 [0x0000000108ec49e0+0x684]
J 10991 C1 com.fasterxml.jackson.databind.deser.DeserializerCache._createAndCacheValueDeserializer(Lcom/fasterxml/jackson/databind/DeserializationContext;Lcom/fasterxml/jackson/databind/deser/DeserializerFactory;Lcom/fasterxml/jackson/databind/JavaType;)Lcom/fasterxml/jackson/databind/JsonDeserializer; (136 bytes) @ 0x00000001081b2904 [0x00000001081b2380+0x584]
J 10993 C1 com.fasterxml.jackson.databind.deser.DeserializerCache.findValueDeserializer(Lcom/fasterxml/jackson/databind/DeserializationContext;Lcom/fasterxml/jackson/databind/deser/DeserializerFactory;Lcom/fasterxml/jackson/databind/JavaType;)Lcom/fasterxml/jackson/databind/JsonDeserializer; (37 bytes) @ 0x00000001081b125c [0x00000001081b1060+0x1fc]
J 11129 C1 com.fasterxml.jackson.databind.DeserializationContext.findNonContextualValueDeserializer(Lcom/fasterxml/jackson/databind/JavaType;)Lcom/fasterxml/jackson/databind/JsonDeserializer; (14 bytes) @ 0x0000000108587154 [0x0000000108587040+0x114]
j  com.fasterxml.jackson.databind.deser.BeanDeserializerBase.resolve(Lcom/fasterxml/jackson/databind/DeserializationContext;)V+91
J 11238 C1 com.fasterxml.jackson.databind.deser.DeserializerCache._createAndCache2(Lcom/fasterxml/jackson/databind/DeserializationContext;Lcom/fasterxml/jackson/databind/deser/DeserializerFactory;Lcom/fasterxml/jackson/databind/JavaType;)Lcom/fasterxml/jackson/databind/JsonDeserializer; (114 bytes) @ 0x0000000108ec5064 [0x0000000108ec49e0+0x684]
J 10991 C1 com.fasterxml.jackson.databind.deser.DeserializerCache._createAndCacheValueDeserializer(Lcom/fasterxml/jackson/databind/DeserializationContext;Lcom/fasterxml/jackson/databind/deser/DeserializerFactory;Lcom/fasterxml/jackson/databind/JavaType;)Lcom/fasterxml/jackson/databind/JsonDeserializer; (136 bytes) @ 0x00000001081b2904 [0x00000001081b2380+0x584]
J 10993 C1 com.fasterxml.jackson.databind.deser.DeserializerCache.findValueDeserializer(Lcom/fasterxml/jackson/databind/DeserializationContext;Lcom/fasterxml/jackson/databind/deser/DeserializerFactory;Lcom/fasterxml/jackson/databind/JavaType;)Lcom/fasterxml/jackson/databind/JsonDeserializer; (37 bytes) @ 0x00000001081b125c [0x00000001081b1060+0x1fc]
J 11129 C1 com.fasterxml.jackson.databind.DeserializationContext.findNonContextualValueDeserializer(Lcom/fasterxml/jackson/databind/JavaType;)Lcom/fasterxml/jackson/databind/JsonDeserializer; (14 bytes) @ 0x0000000108587154 [0x0000000108587040+0x114]
j  com.fasterxml.jackson.databind.deser.BeanDeserializerBase.resolve(Lcom/fasterxml/jackson/databind/DeserializationContext;)V+91
J 11238 C1 com.fasterxml.jackson.databind.deser.DeserializerCache._createAndCache2(Lcom/fasterxml/jackson/databind/DeserializationContext;Lcom/fasterxml/jackson/databind/deser/DeserializerFactory;Lcom/fasterxml/jackson/databind/JavaType;)Lcom/fasterxml/jackson/databind/JsonDeserializer; (114 bytes) @ 0x0000000108ec5064 [0x0000000108ec49e0+0x684]
J 10991 C1 com.fasterxml.jackson.databind.deser.DeserializerCache._createAndCacheValueDeserializer(Lcom/fasterxml/jackson/databind/DeserializationContext;Lcom/fasterxml/jackson/databind/deser/DeserializerFactory;Lcom/fasterxml/jackson/databind/JavaType;)Lcom/fasterxml/jackson/databind/JsonDeserializer; (136 bytes) @ 0x00000001081b2904 [0x00000001081b2380+0x584]
J 10993 C1 com.fasterxml.jackson.databind.deser.DeserializerCache.findValueDeserializer(Lcom/fasterxml/jackson/databind/DeserializationContext;Lcom/fasterxml/jackson/databind/deser/DeserializerFactory;Lcom/fasterxml/jackson/databind/JavaType;)Lcom/fasterxml/jackson/databind/JsonDeserializer; (37 bytes) @ 0x00000001081b125c [0x00000001081b1060+0x1fc]
J 12737 C1 com.fasterxml.jackson.databind.DeserializationContext.findContextualValueDeserializer(Lcom/fasterxml/jackson/databind/JavaType;Lcom/fasterxml/jackson/databind/BeanProperty;)Lcom/fasterxml/jackson/databind/JsonDeserializer; (28 bytes) @ 0x00000001089c17ac [0x00000001089c1680+0x12c]
j  com.fasterxml.jackson.databind.deser.std.CollectionDeserializer.createContextual(Lcom/fasterxml/jackson/databind/DeserializationContext;Lcom/fasterxml/jackson/databind/BeanProperty;)Lcom/fasterxml/jackson/databind/deser/std/CollectionDeserializer;+240
j  com.fasterxml.jackson.databind.deser.std.CollectionDeserializer.createContextual(Lcom/fasterxml/jackson/databind/DeserializationContext;Lcom/fasterxml/jackson/databind/BeanProperty;)Lcom/fasterxml/jackson/databind/JsonDeserializer;+3
J 11743 C1 com.fasterxml.jackson.databind.DeserializationContext.handlePrimaryContextualization(Lcom/fasterxml/jackson/databind/JsonDeserializer;Lcom/fasterxml/jackson/databind/BeanProperty;Lcom/fasterxml/jackson/databind/JavaType;)Lcom/fasterxml/jackson/databind/JsonDeserializer; (67 bytes) @ 0x0000000109025dbc [0x0000000109025940+0x47c]
j  com.fasterxml.jackson.databind.deser.BeanDeserializerBase.resolve(Lcom/fasterxml/jackson/databind/DeserializationContext;)V+173
J 11238 C1 com.fasterxml.jackson.databind.deser.DeserializerCache._createAndCache2(Lcom/fasterxml/jackson/databind/DeserializationContext;Lcom/fasterxml/jackson/databind/deser/DeserializerFactory;Lcom/fasterxml/jackson/databind/JavaType;)Lcom/fasterxml/jackson/databind/JsonDeserializer; (114 bytes) @ 0x0000000108ec5064 [0x0000000108ec49e0+0x684]
J 10991 C1 com.fasterxml.jackson.databind.deser.DeserializerCache._createAndCacheValueDeserializer(Lcom/fasterxml/jackson/databind/DeserializationContext;Lcom/fasterxml/jackson/databind/deser/DeserializerFactory;Lcom/fasterxml/jackson/databind/JavaType;)Lcom/fasterxml/jackson/databind/JsonDeserializer; (136 bytes) @ 0x00000001081b2904 [0x00000001081b2380+0x584]
J 10993 C1 com.fasterxml.jackson.databind.deser.DeserializerCache.findValueDeserializer(Lcom/fasterxml/jackson/databind/DeserializationContext;Lcom/fasterxml/jackson/databind/deser/DeserializerFactory;Lcom/fasterxml/jackson/databind/JavaType;)Lcom/fasterxml/jackson/databind/JsonDeserializer; (37 bytes) @ 0x00000001081b125c [0x00000001081b1060+0x1fc]
J 11129 C1 com.fasterxml.jackson.databind.DeserializationContext.findNonContextualValueDeserializer(Lcom/fasterxml/jackson/databind/JavaType;)Lcom/fasterxml/jackson/databind/JsonDeserializer; (14 bytes) @ 0x0000000108587154 [0x0000000108587040+0x114]
j  com.fasterxml.jackson.databind.deser.BeanDeserializerBase.resolve(Lcom/fasterxml/jackson/databind/DeserializationContext;)V+91
J 11238 C1 com.fasterxml.jackson.databind.deser.DeserializerCache._createAndCache2(Lcom/fasterxml/jackson/databind/DeserializationContext;Lcom/fasterxml/jackson/databind/deser/DeserializerFactory;Lcom/fasterxml/jackson/databind/JavaType;)Lcom/fasterxml/jackson/databind/JsonDeserializer; (114 bytes) @ 0x0000000108ec5064 [0x0000000108ec49e0+0x684]
J 10991 C1 com.fasterxml.jackson.databind.deser.DeserializerCache._createAndCacheValueDeserializer(Lcom/fasterxml/jackson/databind/DeserializationContext;Lcom/fasterxml/jackson/databind/deser/DeserializerFactory;Lcom/fasterxml/jackson/databind/JavaType;)Lcom/fasterxml/jackson/databind/JsonDeserializer; (136 bytes) @ 0x00000001081b2904 [0x00000001081b2380+0x584]
J 10993 C1 com.fasterxml.jackson.databind.deser.DeserializerCache.findValueDeserializer(Lcom/fasterxml/jackson/databind/DeserializationContext;Lcom/fasterxml/jackson/databind/deser/DeserializerFactory;Lcom/fasterxml/jackson/databind/JavaType;)Lcom/fasterxml/jackson/databind/JsonDeserializer; (37 bytes) @ 0x00000001081b125c [0x00000001081b1060+0x1fc]
J 12737 C1 com.fasterxml.jackson.databind.DeserializationContext.findContextualValueDeserializer(Lcom/fasterxml/jackson/databind/JavaType;Lcom/fasterxml/jackson/databind/BeanProperty;)Lcom/fasterxml/jackson/databind/JsonDeserializer; (28 bytes) @ 0x00000001089c17ac [0x00000001089c1680+0x12c]
j  com.fasterxml.jackson.databind.jsontype.impl.TypeDeserializerBase._findDeserializer(Lcom/fasterxml/jackson/databind/DeserializationContext;Ljava/lang/String;)Lcom/fasterxml/jackson/databind/JsonDeserializer;+138
j  com.fasterxml.jackson.databind.jsontype.impl.AsPropertyTypeDeserializer._deserializeTypedForId(Lcom/fasterxml/jackson/core/JsonParser;Lcom/fasterxml/jackson/databind/DeserializationContext;Lcom/fasterxml/jackson/databind/util/TokenBuffer;)Ljava/lang/Object;+10
j  com.fasterxml.jackson.databind.jsontype.impl.AsPropertyTypeDeserializer.deserializeTypedFromObject(Lcom/fasterxml/jackson/core/JsonParser;Lcom/fasterxml/jackson/databind/DeserializationContext;)Ljava/lang/Object;+97
j  com.fasterxml.jackson.databind.deser.AbstractDeserializer.deserializeWithType(Lcom/fasterxml/jackson/core/JsonParser;Lcom/fasterxml/jackson/databind/DeserializationContext;Lcom/fasterxml/jackson/databind/jsontype/TypeDeserializer;)Ljava/lang/Object;+106
j  com.fasterxml.jackson.databind.deser.SettableBeanProperty.deserialize(Lcom/fasterxml/jackson/core/JsonParser;Lcom/fasterxml/jackson/databind/DeserializationContext;)Ljava/lang/Object;+38
j  com.fasterxml.jackson.databind.deser.impl.FieldProperty.deserializeAndSet(Lcom/fasterxml/jackson/core/JsonParser;Lcom/fasterxml/jackson/databind/DeserializationContext;Ljava/lang/Object;)V+3
j  com.fasterxml.jackson.databind.deser.BeanDeserializer.vanillaDeserialize(Lcom/fasterxml/jackson/core/JsonParser;Lcom/fasterxml/jackson/databind/DeserializationContext;Lcom/fasterxml/jackson/core/JsonToken;)Ljava/lang/Object;+57
j  com.fasterxml.jackson.databind.deser.BeanDeserializer.deserialize(Lcom/fasterxml/jackson/core/JsonParser;Lcom/fasterxml/jackson/databind/DeserializationContext;)Ljava/lang/Object;+21
j  com.fasterxml.jackson.databind.ObjectMapper._readMapAndClose(Lcom/fasterxml/jackson/core/JsonParser;Lcom/fasterxml/jackson/databind/JavaType;)Ljava/lang/Object;+124
j  com.fasterxml.jackson.databind.ObjectMapper.readValue(Ljava/lang/String;Ljava/lang/Class;)Ljava/lang/Object;+17
j  org.uengine.five.service.DefinitionServiceImpl.putRawDefinition(Ljava/lang/String;Ljavax/servlet/http/HttpServletRequest;)Lorg/uengine/five/service/DefinitionResource;+317
v  ~StubRoutines::call_stub
V  [libjvm.dylib+0x2eab02]  JavaCalls::call_helper(JavaValue*, methodHandle*, JavaCallArguments*, Thread*)+0x6ae
V  [libjvm.dylib+0x4caf38]  Reflection::invoke(instanceKlassHandle, methodHandle, Handle, bool, objArrayHandle, BasicType, objArrayHandle, bool, Thread*)+0xe12
V  [libjvm.dylib+0x4cb46c]  Reflection::invoke_method(oopDesc*, Handle, objArrayHandle, Thread*)+0x16c
V  [libjvm.dylib+0x342cb4]  JVM_InvokeMethod+0x166
J 2524  sun.reflect.NativeMethodAccessorImpl.invoke0(Ljava/lang/reflect/Method;Ljava/lang/Object;[Ljava/lang/Object;)Ljava/lang/Object; (0 bytes) @ 0x000000010797d26d [0x000000010797d180+0xed]
J 12173 C1 sun.reflect.NativeMethodAccessorImpl.invoke(Ljava/lang/Object;[Ljava/lang/Object;)Ljava/lang/Object; (104 bytes) @ 0x00000001091cc994 [0x00000001091cb7c0+0x11d4]
...<more frames>...

Java frames: (J=compiled Java code, j=interpreted, Vv=VM code)
J 128  java.util.zip.ZipFile.getEntry(J[BZ)J (0 bytes) @ 0x00000001072d4ad8 [0x00000001072d4a80+0x58]
J 6949 C2 sun.misc.URLClassPath$JarLoader.getResource(Ljava/lang/String;Z)Lsun/misc/Resource; (85 bytes) @ 0x0000000107388158 [0x0000000107387da0+0x3b8]
J 11857 C2 java.net.URLClassLoader$1.run()Ljava/lang/Class; (63 bytes) @ 0x00000001090b1570 [0x00000001090b0fa0+0x5d0]
J 8434 C2 java.net.URLClassLoader$1.run()Ljava/lang/Object; (5 bytes) @ 0x00000001072bb114 [0x00000001072bb0e0+0x34]
v  ~StubRoutines::call_stub
J 283  java.security.AccessController.doPrivileged(Ljava/security/PrivilegedExceptionAction;Ljava/security/AccessControlContext;)Ljava/lang/Object; (0 bytes) @ 0x000000010733cb63 [0x000000010733cb00+0x63]
J 4289 C2 java.net.URLClassLoader.findClass(Ljava/lang/String;)Ljava/lang/Class; (47 bytes) @ 0x0000000108057b7c [0x0000000108057ae0+0x9c]
J 5048 C2 java.lang.ClassLoader.loadClass(Ljava/lang/String;Z)Ljava/lang/Class; (122 bytes) @ 0x0000000107aa15a8 [0x0000000107aa1320+0x288]
J 9389 C2 java.lang.ClassLoader.loadClass(Ljava/lang/String;)Ljava/lang/Class; (7 bytes) @ 0x00000001085978e0 [0x00000001085978a0+0x40]
v  ~StubRoutines::call_stub
J 1021  java.lang.Class.getDeclaredFields0(Z)[Ljava/lang/reflect/Field; (0 bytes) @ 0x000000010754ae78 [0x000000010754ae40+0x38]
J 10054 C2 java.lang.Class.privateGetDeclaredFields(Z)[Ljava/lang/reflect/Field; (67 bytes) @ 0x0000000108a268d4 [0x0000000108a267e0+0xf4]
J 11506 C1 com.fasterxml.jackson.databind.introspect.AnnotatedClass._findFields(Lcom/fasterxml/jackson/databind/JavaType;Lcom/fasterxml/jackson/databind/introspect/TypeResolutionContext;Ljava/util/Map;)Ljava/util/Map; (155 bytes) @ 0x0000000108fa43a4 [0x0000000108fa3d40+0x664]
j  com.fasterxml.jackson.databind.introspect.AnnotatedClass.resolveFields()V+7
J 12231 C1 com.fasterxml.jackson.databind.introspect.POJOPropertiesCollector._addFields(Ljava/util/Map;)V (348 bytes) @ 0x00000001091f6694 [0x00000001091f60a0+0x5f4]
J 12987 C1 com.fasterxml.jackson.databind.introspect.POJOPropertiesCollector.collectAll()V (180 bytes) @ 0x0000000109402d2c [0x0000000109402b20+0x20c]
J 11366 C1 com.fasterxml.jackson.databind.introspect.BasicBeanDescription.findProperties()Ljava/util/List; (5 bytes) @ 0x0000000108f1a9dc [0x0000000108f1a7e0+0x1fc]
J 11686 C1 com.fasterxml.jackson.databind.deser.BasicDeserializerFactory._findCreatorsFromProperties(Lcom/fasterxml/jackson/databind/DeserializationContext;Lcom/fasterxml/jackson/databind/BeanDescription;)Ljava/util/Map; (223 bytes) @ 0x0000000109000a8c [0x0000000109000940+0x14c]
J 11774 C1 com.fasterxml.jackson.databind.deser.BasicDeserializerFactory._constructDefaultValueInstantiator(Lcom/fasterxml/jackson/databind/DeserializationContext;Lcom/fasterxml/jackson/databind/BeanDescription;)Lcom/fasterxml/jackson/databind/deser/ValueInstantiator; (96 bytes) @ 0x0000000109044bac [0x0000000109044200+0x9ac]
J 11783 C1 com.fasterxml.jackson.databind.deser.BasicDeserializerFactory.findValueInstantiator(Lcom/fasterxml/jackson/databind/DeserializationContext;Lcom/fasterxml/jackson/databind/BeanDescription;)Lcom/fasterxml/jackson/databind/deser/ValueInstantiator; (226 bytes) @ 0x0000000109057694 [0x0000000109056ac0+0xbd4]
j  com.fasterxml.jackson.databind.deser.BeanDeserializerFactory.buildBeanDeserializer(Lcom/fasterxml/jackson/databind/DeserializationContext;Lcom/fasterxml/jackson/databind/JavaType;Lcom/fasterxml/jackson/databind/BeanDescription;)Lcom/fasterxml/jackson/databind/JsonDeserializer;+3
J 11400 C1 com.fasterxml.jackson.databind.deser.BeanDeserializerFactory.createBeanDeserializer(Lcom/fasterxml/jackson/databind/DeserializationContext;Lcom/fasterxml/jackson/databind/JavaType;Lcom/fasterxml/jackson/databind/BeanDescription;)Lcom/fasterxml/jackson/databind/JsonDeserializer; (136 bytes) @ 0x0000000108f377c4 [0x0000000108f36b20+0xca4]
J 11414 C1 com.fasterxml.jackson.databind.deser.DeserializerCache._createDeserializer2(Lcom/fasterxml/jackson/databind/DeserializationContext;Lcom/fasterxml/jackson/databind/deser/DeserializerFactory;Lcom/fasterxml/jackson/databind/JavaType;Lcom/fasterxml/jackson/databind/BeanDescription;)Lcom/fasterxml/jackson/databind/JsonDeserializer; (211 bytes) @ 0x0000000108f42fd4 [0x0000000108f41aa0+0x1534]
J 11233 C1 com.fasterxml.jackson.databind.deser.DeserializerCache._createDeserializer(Lcom/fasterxml/jackson/databind/DeserializationContext;Lcom/fasterxml/jackson/databind/deser/DeserializerFactory;Lcom/fasterxml/jackson/databind/JavaType;)Lcom/fasterxml/jackson/databind/JsonDeserializer; (195 bytes) @ 0x0000000108ec22bc [0x0000000108ec0240+0x207c]
J 11238 C1 com.fasterxml.jackson.databind.deser.DeserializerCache._createAndCache2(Lcom/fasterxml/jackson/databind/DeserializationContext;Lcom/fasterxml/jackson/databind/deser/DeserializerFactory;Lcom/fasterxml/jackson/databind/JavaType;)Lcom/fasterxml/jackson/databind/JsonDeserializer; (114 bytes) @ 0x0000000108ec4af4 [0x0000000108ec49e0+0x114]
J 10991 C1 com.fasterxml.jackson.databind.deser.DeserializerCache._createAndCacheValueDeserializer(Lcom/fasterxml/jackson/databind/DeserializationContext;Lcom/fasterxml/jackson/databind/deser/DeserializerFactory;Lcom/fasterxml/jackson/databind/JavaType;)Lcom/fasterxml/jackson/databind/JsonDeserializer; (136 bytes) @ 0x00000001081b2904 [0x00000001081b2380+0x584]
J 10993 C1 com.fasterxml.jackson.databind.deser.DeserializerCache.findValueDeserializer(Lcom/fasterxml/jackson/databind/DeserializationContext;Lcom/fasterxml/jackson/databind/deser/DeserializerFactory;Lcom/fasterxml/jackson/databind/JavaType;)Lcom/fasterxml/jackson/databind/JsonDeserializer; (37 bytes) @ 0x00000001081b125c [0x00000001081b1060+0x1fc]
J 11129 C1 com.fasterxml.jackson.databind.DeserializationContext.findNonContextualValueDeserializer(Lcom/fasterxml/jackson/databind/JavaType;)Lcom/fasterxml/jackson/databind/JsonDeserializer; (14 bytes) @ 0x0000000108587154 [0x0000000108587040+0x114]
j  com.fasterxml.jackson.databind.deser.BeanDeserializerBase.resolve(Lcom/fasterxml/jackson/databind/DeserializationContext;)V+91
J 11238 C1 com.fasterxml.jackson.databind.deser.DeserializerCache._createAndCache2(Lcom/fasterxml/jackson/databind/DeserializationContext;Lcom/fasterxml/jackson/databind/deser/DeserializerFactory;Lcom/fasterxml/jackson/databind/JavaType;)Lcom/fasterxml/jackson/databind/JsonDeserializer; (114 bytes) @ 0x0000000108ec5064 [0x0000000108ec49e0+0x684]
J 10991 C1 com.fasterxml.jackson.databind.deser.DeserializerCache._createAndCacheValueDeserializer(Lcom/fasterxml/jackson/databind/DeserializationContext;Lcom/fasterxml/jackson/databind/deser/DeserializerFactory;Lcom/fasterxml/jackson/databind/JavaType;)Lcom/fasterxml/jackson/databind/JsonDeserializer; (136 bytes) @ 0x00000001081b2904 [0x00000001081b2380+0x584]
J 10993 C1 com.fasterxml.jackson.databind.deser.DeserializerCache.findValueDeserializer(Lcom/fasterxml/jackson/databind/DeserializationContext;Lcom/fasterxml/jackson/databind/deser/DeserializerFactory;Lcom/fasterxml/jackson/databind/JavaType;)Lcom/fasterxml/jackson/databind/JsonDeserializer; (37 bytes) @ 0x00000001081b125c [0x00000001081b1060+0x1fc]
J 11129 C1 com.fasterxml.jackson.databind.DeserializationContext.findNonContextualValueDeserializer(Lcom/fasterxml/jackson/databind/JavaType;)Lcom/fasterxml/jackson/databind/JsonDeserializer; (14 bytes) @ 0x0000000108587154 [0x0000000108587040+0x114]
j  com.fasterxml.jackson.databind.deser.BeanDeserializerBase.resolve(Lcom/fasterxml/jackson/databind/DeserializationContext;)V+91
J 11238 C1 com.fasterxml.jackson.databind.deser.DeserializerCache._createAndCache2(Lcom/fasterxml/jackson/databind/DeserializationContext;Lcom/fasterxml/jackson/databind/deser/DeserializerFactory;Lcom/fasterxml/jackson/databind/JavaType;)Lcom/fasterxml/jackson/databind/JsonDeserializer; (114 bytes) @ 0x0000000108ec5064 [0x0000000108ec49e0+0x684]
J 10991 C1 com.fasterxml.jackson.databind.deser.DeserializerCache._createAndCacheValueDeserializer(Lcom/fasterxml/jackson/databind/DeserializationContext;Lcom/fasterxml/jackson/databind/deser/DeserializerFactory;Lcom/fasterxml/jackson/databind/JavaType;)Lcom/fasterxml/jackson/databind/JsonDeserializer; (136 bytes) @ 0x00000001081b2904 [0x00000001081b2380+0x584]
J 10993 C1 com.fasterxml.jackson.databind.deser.DeserializerCache.findValueDeserializer(Lcom/fasterxml/jackson/databind/DeserializationContext;Lcom/fasterxml/jackson/databind/deser/DeserializerFactory;Lcom/fasterxml/jackson/databind/JavaType;)Lcom/fasterxml/jackson/databind/JsonDeserializer; (37 bytes) @ 0x00000001081b125c [0x00000001081b1060+0x1fc]
J 11129 C1 com.fasterxml.jackson.databind.DeserializationContext.findNonContextualValueDeserializer(Lcom/fasterxml/jackson/databind/JavaType;)Lcom/fasterxml/jackson/databind/JsonDeserializer; (14 bytes) @ 0x0000000108587154 [0x0000000108587040+0x114]
j  com.fasterxml.jackson.databind.deser.BeanDeserializerBase.resolve(Lcom/fasterxml/jackson/databind/DeserializationContext;)V+91
J 11238 C1 com.fasterxml.jackson.databind.deser.DeserializerCache._createAndCache2(Lcom/fasterxml/jackson/databind/DeserializationContext;Lcom/fasterxml/jackson/databind/deser/DeserializerFactory;Lcom/fasterxml/jackson/databind/JavaType;)Lcom/fasterxml/jackson/databind/JsonDeserializer; (114 bytes) @ 0x0000000108ec5064 [0x0000000108ec49e0+0x684]
J 10991 C1 com.fasterxml.jackson.databind.deser.DeserializerCache._createAndCacheValueDeserializer(Lcom/fasterxml/jackson/databind/DeserializationContext;Lcom/fasterxml/jackson/databind/deser/DeserializerFactory;Lcom/fasterxml/jackson/databind/JavaType;)Lcom/fasterxml/jackson/databind/JsonDeserializer; (136 bytes) @ 0x00000001081b2904 [0x00000001081b2380+0x584]
J 10993 C1 com.fasterxml.jackson.databind.deser.DeserializerCache.findValueDeserializer(Lcom/fasterxml/jackson/databind/DeserializationContext;Lcom/fasterxml/jackson/databind/deser/DeserializerFactory;Lcom/fasterxml/jackson/databind/JavaType;)Lcom/fasterxml/jackson/databind/JsonDeserializer; (37 bytes) @ 0x00000001081b125c [0x00000001081b1060+0x1fc]
J 12737 C1 com.fasterxml.jackson.databind.DeserializationContext.findContextualValueDeserializer(Lcom/fasterxml/jackson/databind/JavaType;Lcom/fasterxml/jackson/databind/BeanProperty;)Lcom/fasterxml/jackson/databind/JsonDeserializer; (28 bytes) @ 0x00000001089c17ac [0x00000001089c1680+0x12c]
j  com.fasterxml.jackson.databind.deser.std.CollectionDeserializer.createContextual(Lcom/fasterxml/jackson/databind/DeserializationContext;Lcom/fasterxml/jackson/databind/BeanProperty;)Lcom/fasterxml/jackson/databind/deser/std/CollectionDeserializer;+240
j  com.fasterxml.jackson.databind.deser.std.CollectionDeserializer.createContextual(Lcom/fasterxml/jackson/databind/DeserializationContext;Lcom/fasterxml/jackson/databind/BeanProperty;)Lcom/fasterxml/jackson/databind/JsonDeserializer;+3
J 11743 C1 com.fasterxml.jackson.databind.DeserializationContext.handlePrimaryContextualization(Lcom/fasterxml/jackson/databind/JsonDeserializer;Lcom/fasterxml/jackson/databind/BeanProperty;Lcom/fasterxml/jackson/databind/JavaType;)Lcom/fasterxml/jackson/databind/JsonDeserializer; (67 bytes) @ 0x0000000109025dbc [0x0000000109025940+0x47c]
j  com.fasterxml.jackson.databind.deser.BeanDeserializerBase.resolve(Lcom/fasterxml/jackson/databind/DeserializationContext;)V+173
J 11238 C1 com.fasterxml.jackson.databind.deser.DeserializerCache._createAndCache2(Lcom/fasterxml/jackson/databind/DeserializationContext;Lcom/fasterxml/jackson/databind/deser/DeserializerFactory;Lcom/fasterxml/jackson/databind/JavaType;)Lcom/fasterxml/jackson/databind/JsonDeserializer; (114 bytes) @ 0x0000000108ec5064 [0x0000000108ec49e0+0x684]
J 10991 C1 com.fasterxml.jackson.databind.deser.DeserializerCache._createAndCacheValueDeserializer(Lcom/fasterxml/jackson/databind/DeserializationContext;Lcom/fasterxml/jackson/databind/deser/DeserializerFactory;Lcom/fasterxml/jackson/databind/JavaType;)Lcom/fasterxml/jackson/databind/JsonDeserializer; (136 bytes) @ 0x00000001081b2904 [0x00000001081b2380+0x584]
J 10993 C1 com.fasterxml.jackson.databind.deser.DeserializerCache.findValueDeserializer(Lcom/fasterxml/jackson/databind/DeserializationContext;Lcom/fasterxml/jackson/databind/deser/DeserializerFactory;Lcom/fasterxml/jackson/databind/JavaType;)Lcom/fasterxml/jackson/databind/JsonDeserializer; (37 bytes) @ 0x00000001081b125c [0x00000001081b1060+0x1fc]
J 11129 C1 com.fasterxml.jackson.databind.DeserializationContext.findNonContextualValueDeserializer(Lcom/fasterxml/jackson/databind/JavaType;)Lcom/fasterxml/jackson/databind/JsonDeserializer; (14 bytes) @ 0x0000000108587154 [0x0000000108587040+0x114]
j  com.fasterxml.jackson.databind.deser.BeanDeserializerBase.resolve(Lcom/fasterxml/jackson/databind/DeserializationContext;)V+91
J 11238 C1 com.fasterxml.jackson.databind.deser.DeserializerCache._createAndCache2(Lcom/fasterxml/jackson/databind/DeserializationContext;Lcom/fasterxml/jackson/databind/deser/DeserializerFactory;Lcom/fasterxml/jackson/databind/JavaType;)Lcom/fasterxml/jackson/databind/JsonDeserializer; (114 bytes) @ 0x0000000108ec5064 [0x0000000108ec49e0+0x684]
J 10991 C1 com.fasterxml.jackson.databind.deser.DeserializerCache._createAndCacheValueDeserializer(Lcom/fasterxml/jackson/databind/DeserializationContext;Lcom/fasterxml/jackson/databind/deser/DeserializerFactory;Lcom/fasterxml/jackson/databind/JavaType;)Lcom/fasterxml/jackson/databind/JsonDeserializer; (136 bytes) @ 0x00000001081b2904 [0x00000001081b2380+0x584]
J 10993 C1 com.fasterxml.jackson.databind.deser.DeserializerCache.findValueDeserializer(Lcom/fasterxml/jackson/databind/DeserializationContext;Lcom/fasterxml/jackson/databind/deser/DeserializerFactory;Lcom/fasterxml/jackson/databind/JavaType;)Lcom/fasterxml/jackson/databind/JsonDeserializer; (37 bytes) @ 0x00000001081b125c [0x00000001081b1060+0x1fc]
J 12737 C1 com.fasterxml.jackson.databind.DeserializationContext.findContextualValueDeserializer(Lcom/fasterxml/jackson/databind/JavaType;Lcom/fasterxml/jackson/databind/BeanProperty;)Lcom/fasterxml/jackson/databind/JsonDeserializer; (28 bytes) @ 0x00000001089c17ac [0x00000001089c1680+0x12c]
j  com.fasterxml.jackson.databind.jsontype.impl.TypeDeserializerBase._findDeserializer(Lcom/fasterxml/jackson/databind/DeserializationContext;Ljava/lang/String;)Lcom/fasterxml/jackson/databind/JsonDeserializer;+138
j  com.fasterxml.jackson.databind.jsontype.impl.AsPropertyTypeDeserializer._deserializeTypedForId(Lcom/fasterxml/jackson/core/JsonParser;Lcom/fasterxml/jackson/databind/DeserializationContext;Lcom/fasterxml/jackson/databind/util/TokenBuffer;)Ljava/lang/Object;+10
j  com.fasterxml.jackson.databind.jsontype.impl.AsPropertyTypeDeserializer.deserializeTypedFromObject(Lcom/fasterxml/jackson/core/JsonParser;Lcom/fasterxml/jackson/databind/DeserializationContext;)Ljava/lang/Object;+97
j  com.fasterxml.jackson.databind.deser.AbstractDeserializer.deserializeWithType(Lcom/fasterxml/jackson/core/JsonParser;Lcom/fasterxml/jackson/databind/DeserializationContext;Lcom/fasterxml/jackson/databind/jsontype/TypeDeserializer;)Ljava/lang/Object;+106
j  com.fasterxml.jackson.databind.deser.SettableBeanProperty.deserialize(Lcom/fasterxml/jackson/core/JsonParser;Lcom/fasterxml/jackson/databind/DeserializationContext;)Ljava/lang/Object;+38
j  com.fasterxml.jackson.databind.deser.impl.FieldProperty.deserializeAndSet(Lcom/fasterxml/jackson/core/JsonParser;Lcom/fasterxml/jackson/databind/DeserializationContext;Ljava/lang/Object;)V+3
j  com.fasterxml.jackson.databind.deser.BeanDeserializer.vanillaDeserialize(Lcom/fasterxml/jackson/core/JsonParser;Lcom/fasterxml/jackson/databind/DeserializationContext;Lcom/fasterxml/jackson/core/JsonToken;)Ljava/lang/Object;+57
j  com.fasterxml.jackson.databind.deser.BeanDeserializer.deserialize(Lcom/fasterxml/jackson/core/JsonParser;Lcom/fasterxml/jackson/databind/DeserializationContext;)Ljava/lang/Object;+21
j  com.fasterxml.jackson.databind.ObjectMapper._readMapAndClose(Lcom/fasterxml/jackson/core/JsonParser;Lcom/fasterxml/jackson/databind/JavaType;)Ljava/lang/Object;+124
j  com.fasterxml.jackson.databind.ObjectMapper.readValue(Ljava/lang/String;Ljava/lang/Class;)Ljava/lang/Object;+17
j  org.uengine.five.service.DefinitionServiceImpl.putRawDefinition(Ljava/lang/String;Ljavax/servlet/http/HttpServletRequest;)Lorg/uengine/five/service/DefinitionResource;+317
v  ~StubRoutines::call_stub
J 2524  sun.reflect.NativeMethodAccessorImpl.invoke0(Ljava/lang/reflect/Method;Ljava/lang/Object;[Ljava/lang/Object;)Ljava/lang/Object; (0 bytes) @ 0x000000010797d1f7 [0x000000010797d180+0x77]
J 12173 C1 sun.reflect.NativeMethodAccessorImpl.invoke(Ljava/lang/Object;[Ljava/lang/Object;)Ljava/lang/Object; (104 bytes) @ 0x00000001091cc994 [0x00000001091cb7c0+0x11d4]
J 5545 C2 java.lang.reflect.Method.invoke(Ljava/lang/Object;[Ljava/lang/Object;)Ljava/lang/Object; (62 bytes) @ 0x0000000107c43330 [0x0000000107c43280+0xb0]
j  org.springframework.web.method.support.InvocableHandlerMethod.doInvoke([Ljava/lang/Object;)Ljava/lang/Object;+16
j  org.springframework.web.method.support.InvocableHandlerMethod.invokeForRequest(Lorg/springframework/web/context/request/NativeWebRequest;Lorg/springframework/web/method/support/ModelAndViewContainer;[Ljava/lang/Object;)Ljava/lang/Object;+75
j  org.springframework.web.servlet.mvc.method.annotation.ServletInvocableHandlerMethod.invokeAndHandle(Lorg/springframework/web/context/request/ServletWebRequest;Lorg/springframework/web/method/support/ModelAndViewContainer;[Ljava/lang/Object;)V+4
j  org.springframework.web.servlet.mvc.method.annotation.RequestMappingHandlerAdapter.invokeHandlerMethod(Ljavax/servlet/http/HttpServletRequest;Ljavax/servlet/http/HttpServletResponse;Lorg/springframework/web/method/HandlerMethod;)Lorg/springframework/web/servlet/ModelAndView;+262
j  org.springframework.web.servlet.mvc.method.annotation.RequestMappingHandlerAdapter.handleInternal(Ljavax/servlet/http/HttpServletRequest;Ljavax/servlet/http/HttpServletResponse;Lorg/springframework/web/method/HandlerMethod;)Lorg/springframework/web/servlet/ModelAndView;+81
j  org.springframework.web.servlet.mvc.method.AbstractHandlerMethodAdapter.handle(Ljavax/servlet/http/HttpServletRequest;Ljavax/servlet/http/HttpServletResponse;Ljava/lang/Object;)Lorg/springframework/web/servlet/ModelAndView;+7
j  org.springframework.web.servlet.DispatcherServlet.doDispatch(Ljavax/servlet/http/HttpServletRequest;Ljavax/servlet/http/HttpServletResponse;)V+318
j  org.springframework.web.servlet.DispatcherServlet.doService(Ljavax/servlet/http/HttpServletRequest;Ljavax/servlet/http/HttpServletResponse;)V+301
j  org.springframework.web.servlet.FrameworkServlet.processRequest(Ljavax/servlet/http/HttpServletRequest;Ljavax/servlet/http/HttpServletResponse;)V+71
j  org.springframework.web.servlet.FrameworkServlet.doPost(Ljavax/servlet/http/HttpServletRequest;Ljavax/servlet/http/HttpServletResponse;)V+3
j  javax.servlet.http.HttpServlet.service(Ljavax/servlet/http/HttpServletRequest;Ljavax/servlet/http/HttpServletResponse;)V+149
j  org.springframework.web.servlet.FrameworkServlet.service(Ljavax/servlet/http/HttpServletRequest;Ljavax/servlet/http/HttpServletResponse;)V+33
j  javax.servlet.http.HttpServlet.service(Ljavax/servlet/ServletRequest;Ljavax/servlet/ServletResponse;)V+30
J 12782 C1 org.apache.catalina.core.ApplicationFilterChain.internalDoFilter(Ljavax/servlet/ServletRequest;Ljavax/servlet/ServletResponse;)V (388 bytes) @ 0x000000010786a484 [0x00000001078699a0+0xae4]
J 12781 C1 org.apache.catalina.core.ApplicationFilterChain.doFilter(Ljavax/servlet/ServletRequest;Ljavax/servlet/ServletResponse;)V (105 bytes) @ 0x000000010918cd4c [0x000000010918ccc0+0x8c]
j  org.apache.tomcat.websocket.server.WsFilter.doFilter(Ljavax/servlet/ServletRequest;Ljavax/servlet/ServletResponse;Ljavax/servlet/FilterChain;)V+21
J 12782 C1 org.apache.catalina.core.ApplicationFilterChain.internalDoFilter(Ljavax/servlet/ServletRequest;Ljavax/servlet/ServletResponse;)V (388 bytes) @ 0x0000000107869f34 [0x00000001078699a0+0x594]
J 12781 C1 org.apache.catalina.core.ApplicationFilterChain.doFilter(Ljavax/servlet/ServletRequest;Ljavax/servlet/ServletResponse;)V (105 bytes) @ 0x000000010918cd4c [0x000000010918ccc0+0x8c]
j  org.springframework.boot.web.filter.ApplicationContextHeaderFilter.doFilterInternal(Ljavax/servlet/http/HttpServletRequest;Ljavax/servlet/http/HttpServletResponse;Ljavax/servlet/FilterChain;)V+20
j  org.springframework.web.filter.OncePerRequestFilter.doFilter(Ljavax/servlet/ServletRequest;Ljavax/servlet/ServletResponse;Ljavax/servlet/FilterChain;)V+111
J 12782 C1 org.apache.catalina.core.ApplicationFilterChain.internalDoFilter(Ljavax/servlet/ServletRequest;Ljavax/servlet/ServletResponse;)V (388 bytes) @ 0x0000000107869f34 [0x00000001078699a0+0x594]
J 12781 C1 org.apache.catalina.core.ApplicationFilterChain.doFilter(Ljavax/servlet/ServletRequest;Ljavax/servlet/ServletResponse;)V (105 bytes) @ 0x000000010918cd4c [0x000000010918ccc0+0x8c]
j  org.springframework.boot.actuate.trace.WebRequestTraceFilter.doFilterInternal(Ljavax/servlet/http/HttpServletRequest;Ljavax/servlet/http/HttpServletResponse;Ljavax/servlet/FilterChain;)V+30
j  org.springframework.web.filter.OncePerRequestFilter.doFilter(Ljavax/servlet/ServletRequest;Ljavax/servlet/ServletResponse;Ljavax/servlet/FilterChain;)V+111
J 12782 C1 org.apache.catalina.core.ApplicationFilterChain.internalDoFilter(Ljavax/servlet/ServletRequest;Ljavax/servlet/ServletResponse;)V (388 bytes) @ 0x0000000107869f34 [0x00000001078699a0+0x594]
J 12781 C1 org.apache.catalina.core.ApplicationFilterChain.doFilter(Ljavax/servlet/ServletRequest;Ljavax/servlet/ServletResponse;)V (105 bytes) @ 0x000000010918cd4c [0x000000010918ccc0+0x8c]
j  org.springframework.web.filter.CharacterEncodingFilter.doFilterInternal(Ljavax/servlet/http/HttpServletRequest;Ljavax/servlet/http/HttpServletResponse;Ljavax/servlet/FilterChain;)V+53
j  org.springframework.web.filter.OncePerRequestFilter.doFilter(Ljavax/servlet/ServletRequest;Ljavax/servlet/ServletResponse;Ljavax/servlet/FilterChain;)V+111
J 12782 C1 org.apache.catalina.core.ApplicationFilterChain.internalDoFilter(Ljavax/servlet/ServletRequest;Ljavax/servlet/ServletResponse;)V (388 bytes) @ 0x0000000107869f34 [0x00000001078699a0+0x594]
J 12781 C1 org.apache.catalina.core.ApplicationFilterChain.doFilter(Ljavax/servlet/ServletRequest;Ljavax/servlet/ServletResponse;)V (105 bytes) @ 0x000000010918cd4c [0x000000010918ccc0+0x8c]
j  org.springframework.boot.actuate.autoconfigure.MetricsFilter.doFilterInternal(Ljavax/servlet/http/HttpServletRequest;Ljavax/servlet/http/HttpServletResponse;Ljavax/servlet/FilterChain;)V+31
j  org.springframework.web.filter.OncePerRequestFilter.doFilter(Ljavax/servlet/ServletRequest;Ljavax/servlet/ServletResponse;Ljavax/servlet/FilterChain;)V+111
J 12782 C1 org.apache.catalina.core.ApplicationFilterChain.internalDoFilter(Ljavax/servlet/ServletRequest;Ljavax/servlet/ServletResponse;)V (388 bytes) @ 0x0000000107869f34 [0x00000001078699a0+0x594]
J 12781 C1 org.apache.catalina.core.ApplicationFilterChain.doFilter(Ljavax/servlet/ServletRequest;Ljavax/servlet/ServletResponse;)V (105 bytes) @ 0x000000010918cd4c [0x000000010918ccc0+0x8c]
j  org.apache.catalina.core.StandardWrapperValve.invoke(Lorg/apache/catalina/connector/Request;Lorg/apache/catalina/connector/Response;)V+688
j  org.apache.catalina.core.StandardContextValve.invoke(Lorg/apache/catalina/connector/Request;Lorg/apache/catalina/connector/Response;)V+166
j  org.apache.catalina.authenticator.AuthenticatorBase.invoke(Lorg/apache/catalina/connector/Request;Lorg/apache/catalina/connector/Response;)V+272
j  org.apache.catalina.core.StandardHostValve.invoke(Lorg/apache/catalina/connector/Request;Lorg/apache/catalina/connector/Response;)V+138
j  org.apache.catalina.valves.ErrorReportValve.invoke(Lorg/apache/catalina/connector/Request;Lorg/apache/catalina/connector/Response;)V+6
j  org.apache.catalina.core.StandardEngineValve.invoke(Lorg/apache/catalina/connector/Request;Lorg/apache/catalina/connector/Response;)V+71
j  org.apache.catalina.connector.CoyoteAdapter.service(Lorg/apache/coyote/Request;Lorg/apache/coyote/Response;)V+199
j  org.apache.coyote.http11.Http11Processor.service(Lorg/apache/tomcat/util/net/SocketWrapperBase;)Lorg/apache/tomcat/util/net/AbstractEndpoint$Handler$SocketState;+806
j  org.apache.coyote.AbstractProcessorLight.process(Lorg/apache/tomcat/util/net/SocketWrapperBase;Lorg/apache/tomcat/util/net/SocketEvent;)Lorg/apache/tomcat/util/net/AbstractEndpoint$Handler$SocketState;+113
j  org.apache.coyote.AbstractProtocol$ConnectionHandler.process(Lorg/apache/tomcat/util/net/SocketWrapperBase;Lorg/apache/tomcat/util/net/SocketEvent;)Lorg/apache/tomcat/util/net/AbstractEndpoint$Handler$SocketState;+378
j  org.apache.tomcat.util.net.NioEndpoint$SocketProcessor.doRun()V+191
j  org.apache.tomcat.util.net.SocketProcessorBase.run()V+21
j  java.util.concurrent.ThreadPoolExecutor.runWorker(Ljava/util/concurrent/ThreadPoolExecutor$Worker;)V+95
j  java.util.concurrent.ThreadPoolExecutor$Worker.run()V+5
j  org.apache.tomcat.util.threads.TaskThread$WrappingRunnable.run()V+4
j  java.lang.Thread.run()V+11
v  ~StubRoutines::call_stub

---------------  P R O C E S S  ---------------

Java Threads: ( => current thread )
  0x00007f8f0ac56800 JavaThread "AsyncResolver-bootstrap-executor-0" daemon [_thread_blocked, id=23815, stack(0x000000012b317000,0x000000012b417000)]
  0x00007f8f1060c800 JavaThread "DiscoveryClient-2" daemon [_thread_blocked, id=23051, stack(0x000000012bf2e000,0x000000012c02e000)]
  0x00007f8f11246800 JavaThread "DiscoveryClient-CacheRefreshExecutor-0" daemon [_thread_blocked, id=37127, stack(0x0000000127a88000,0x0000000127b88000)]
  0x00007f8f0fcf1800 JavaThread "DiscoveryClient-HeartbeatExecutor-0" daemon [_thread_blocked, id=22283, stack(0x0000000126179000,0x0000000126279000)]
  0x00007f8f0a38a000 JavaThread "http-nio-9001-AsyncTimeout" daemon [_thread_blocked, id=36355, stack(0x000000012ce7c000,0x000000012cf7c000)]
  0x00007f8f0c59c000 JavaThread "http-nio-9001-Acceptor-0" daemon [_thread_in_native, id=35843, stack(0x000000012cd79000,0x000000012ce79000)]
  0x00007f8f0daf9000 JavaThread "http-nio-9001-ClientPoller-1" daemon [_thread_in_native, id=35331, stack(0x000000012cc76000,0x000000012cd76000)]
  0x00007f8f10b64000 JavaThread "http-nio-9001-ClientPoller-0" daemon [_thread_in_native, id=34819, stack(0x000000012cb73000,0x000000012cc73000)]
  0x00007f8f09b87800 JavaThread "http-nio-9001-exec-10" daemon [_thread_blocked, id=34307, stack(0x000000012ca70000,0x000000012cb70000)]
  0x00007f8f0c1c8000 JavaThread "http-nio-9001-exec-9" daemon [_thread_blocked, id=33795, stack(0x000000012c96d000,0x000000012ca6d000)]
  0x00007f8f099fe800 JavaThread "http-nio-9001-exec-8" daemon [_thread_blocked, id=33283, stack(0x000000012c86a000,0x000000012c96a000)]
  0x00007f8f0badd000 JavaThread "http-nio-9001-exec-7" daemon [_thread_blocked, id=32771, stack(0x000000012c767000,0x000000012c867000)]
  0x00007f8f11253000 JavaThread "http-nio-9001-exec-6" daemon [_thread_blocked, id=32259, stack(0x000000012c664000,0x000000012c764000)]
  0x00007f8f0dd41000 JavaThread "http-nio-9001-exec-5" daemon [_thread_blocked, id=31747, stack(0x000000012c561000,0x000000012c661000)]
  0x00007f8f0a7ad000 JavaThread "http-nio-9001-exec-4" daemon [_thread_blocked, id=31235, stack(0x000000012c45e000,0x000000012c55e000)]
  0x00007f8f0eb54000 JavaThread "http-nio-9001-exec-3" daemon [_thread_blocked, id=30723, stack(0x000000012c35b000,0x000000012c45b000)]
=>0x00007f8f0a679000 JavaThread "http-nio-9001-exec-2" daemon [_thread_in_native, id=30211, stack(0x000000012c258000,0x000000012c358000)]
  0x00007f8f1036d000 JavaThread "http-nio-9001-exec-1" daemon [_thread_blocked, id=29699, stack(0x000000012c155000,0x000000012c255000)]
  0x00007f8f0e25f800 JavaThread "NioBlockingSelector.BlockPoller-1" daemon [_thread_in_native, id=29187, stack(0x000000012be2b000,0x000000012bf2b000)]
  0x00007f8f0e234000 JavaThread "HystrixMetricPoller" daemon [_thread_blocked, id=28675, stack(0x00000001289a7000,0x0000000128aa7000)]
  0x00007f8f0d84b000 JavaThread "DiscoveryClient-InstanceInfoReplicator-0" daemon [_thread_blocked, id=28163, stack(0x000000012a9ca000,0x000000012aaca000)]
  0x00007f8f0aa76800 JavaThread "DiscoveryClient-1" daemon [_thread_blocked, id=27651, stack(0x000000012a42f000,0x000000012a52f000)]
  0x00007f8f0c649800 JavaThread "DiscoveryClient-0" daemon [_thread_blocked, id=27139, stack(0x000000012924a000,0x000000012934a000)]
  0x00007f8f0a0ba800 JavaThread "AsyncResolver-bootstrap-0" daemon [_thread_blocked, id=14603, stack(0x000000012827b000,0x000000012837b000)]
  0x00007f8f09f22800 JavaThread "Eureka-JerseyClient-Conn-Cleaner2" daemon [_thread_blocked, id=24839, stack(0x000000012735a000,0x000000012745a000)]
  0x00007f8f11018000 JavaThread "Eureka-JerseyClient-Conn-Cleaner2" daemon [_thread_blocked, id=24583, stack(0x00000001266a9000,0x00000001267a9000)]
  0x00007f8f0fa0d000 JavaThread "RxIoScheduler-1 (Evictor)" daemon [_thread_blocked, id=15111, stack(0x0000000126ebe000,0x0000000126fbe000)]
  0x00007f8f09b88800 JavaThread "spring.cloud.inetutils" daemon [_thread_blocked, id=14087, stack(0x000000012b014000,0x000000012b114000)]
  0x00007f8f0e70a000 JavaThread "Abandoned connection cleanup thread" daemon [_thread_blocked, id=26627, stack(0x000000012971f000,0x000000012981f000)]
  0x00007f8f104da000 JavaThread "Tomcat JDBC Pool Cleaner[43569908:1515662770615]" daemon [_thread_blocked, id=26115, stack(0x000000012961c000,0x000000012971c000)]
  0x00007f8f092c3000 JavaThread "container-0" [_thread_blocked, id=25603, stack(0x0000000127985000,0x0000000127a85000)]
  0x00007f8f0b923800 JavaThread "ContainerBackgroundProcessor[StandardEngine[Tomcat]]" daemon [_thread_blocked, id=25091, stack(0x000000012760d000,0x000000012770d000)]
  0x00007f8f0b821800 JavaThread "Monitor Ctrl-Break" daemon [_thread_in_native, id=21763, stack(0x0000000124daa000,0x0000000124eaa000)]
  0x00007f8f0c835800 JavaThread "Service Thread" daemon [_thread_blocked, id=20739, stack(0x0000000124ba4000,0x0000000124ca4000)]
  0x00007f8f09810800 JavaThread "C1 CompilerThread3" daemon [_thread_blocked, id=20227, stack(0x0000000124aa1000,0x0000000124ba1000)]
  0x00007f8f09800800 JavaThread "C2 CompilerThread2" daemon [_thread_blocked, id=19715, stack(0x000000012499e000,0x0000000124a9e000)]
  0x00007f8f0a811000 JavaThread "C2 CompilerThread1" daemon [_thread_blocked, id=19203, stack(0x000000012489b000,0x000000012499b000)]
  0x00007f8f0d003000 JavaThread "C2 CompilerThread0" daemon [_thread_blocked, id=18691, stack(0x0000000124798000,0x0000000124898000)]
  0x00007f8f0d002000 JavaThread "Signal Dispatcher" daemon [_thread_blocked, id=18211, stack(0x0000000124695000,0x0000000124795000)]
  0x00007f8f0b812000 JavaThread "Finalizer" daemon [_thread_blocked, id=13571, stack(0x0000000122c5d000,0x0000000122d5d000)]
  0x00007f8f0c012000 JavaThread "Reference Handler" daemon [_thread_blocked, id=13059, stack(0x0000000122b5a000,0x0000000122c5a000)]
  0x00007f8f0a803000 JavaThread "main" [_thread_blocked, id=4867, stack(0x00000001050a7000,0x00000001051a7000)]

Other Threads:
  0x00007f8f0c00f800 VMThread [stack: 0x0000000122a57000,0x0000000122b57000] [id=12547]
  0x00007f8f0c80b800 WatcherThread [stack: 0x0000000124ca7000,0x0000000124da7000] [id=21251]

VM state:not at safepoint (normal execution)

VM Mutex/Monitor currently owned by a thread: None

Heap:
 PSYoungGen      total 636928K, used 274279K [0x000000076ab00000, 0x0000000799880000, 0x00000007c0000000)
  eden space 608256K, 40% used [0x000000076ab00000,0x0000000779b46938,0x000000078fd00000)
  from space 28672K, 98% used [0x0000000797c80000,0x0000000799813450,0x0000000799880000)
  to   space 47616K, 0% used [0x0000000793b80000,0x0000000793b80000,0x0000000796a00000)
 ParOldGen       total 321024K, used 68153K [0x00000006c0000000, 0x00000006d3980000, 0x000000076ab00000)
  object space 321024K, 21% used [0x00000006c0000000,0x00000006c428e628,0x00000006d3980000)
 Metaspace       used 83772K, capacity 85262K, committed 85336K, reserved 1124352K
  class space    used 10220K, capacity 10576K, committed 10624K, reserved 1048576K

Card table byte_map: [0x0000000116549000,0x0000000116d4a000] byte_map_base: 0x0000000112f49000

Marking Bits: (ParMarkBitMap*) 0x0000000106adee20
 Begin Bits: [0x0000000117ab8000, 0x000000011bab8000)
 End Bits:   [0x000000011bab8000, 0x000000011fab8000)

Polling page: 0x00000001051ec000

CodeCache: size=245760Kb used=35584Kb max_used=35645Kb free=210175Kb
 bounds [0x0000000107189000, 0x0000000109499000, 0x0000000116189000]
 total_blobs=11052 nmethods=10515 adapters=449
 compilation: enabled

Compilation events (10 events):
Event: 5368.916 Thread 0x00007f8f09810800 nmethod 13141 0x00000001073d2790 code [0x00000001073d2900, 0x00000001073d2ad0]
Event: 5368.917 Thread 0x00007f8f0d003000 13143       4       com.fasterxml.jackson.databind.introspect.AnnotatedClass::_isIncludableMemberMethod (45 bytes)
Event: 5368.917 Thread 0x00007f8f09810800 13144       3       com.fasterxml.jackson.databind.introspect.AnnotatedClass::_addAnnotationsIfNotPresent (95 bytes)
Event: 5368.918 Thread 0x00007f8f09810800 nmethod 13144 0x0000000107710510 code [0x0000000107710720, 0x0000000107711178]
Event: 5368.919 Thread 0x00007f8f0d003000 nmethod 13143 0x00000001077100d0 code [0x0000000107710220, 0x00000001077103d8]
Event: 5368.919 Thread 0x00007f8f09810800 13148       3       com.fasterxml.jackson.databind.deser.BasicDeserializerFactory::findTypeDeserializer (134 bytes)
Event: 5368.920 Thread 0x00007f8f09810800 nmethod 13148 0x00000001075405d0 code [0x0000000107540860, 0x0000000107542418]
Event: 5368.922 Thread 0x00007f8f09800800 nmethod 13142 0x0000000107744150 code [0x0000000107744340, 0x00000001077449b0]
Event: 5368.922 Thread 0x00007f8f09810800 13145       3       com.fasterxml.jackson.databind.introspect.AnnotatedMethod::withAnnotations (6 bytes)
Event: 5368.922 Thread 0x00007f8f09810800 nmethod 13145 0x000000010948f450 code [0x000000010948f600, 0x000000010948fbe8]

GC Heap History (10 events):
Event: 11.847 GC heap before
{Heap before GC invocations=13 (full 3):
 PSYoungGen      total 529408K, used 499200K [0x000000076ab00000, 0x0000000792180000, 0x00000007c0000000)
  eden space 499200K, 100% used [0x000000076ab00000,0x0000000789280000,0x0000000789280000)
  from space 30208K, 0% used [0x0000000789280000,0x0000000789280000,0x000000078b000000)
  to   space 34304K, 0% used [0x0000000790000000,0x0000000790000000,0x0000000792180000)
 ParOldGen       total 321024K, used 64360K [0x00000006c0000000, 0x00000006d3980000, 0x000000076ab00000)
  object space 321024K, 20% used [0x00000006c0000000,0x00000006c3eda290,0x00000006d3980000)
 Metaspace       used 64097K, capacity 65128K, committed 65496K, reserved 1105920K
  class space    used 7835K, capacity 8077K, committed 8192K, reserved 1048576K
Event: 11.866 GC heap after
Heap after GC invocations=13 (full 3):
 PSYoungGen      total 588800K, used 24058K [0x000000076ab00000, 0x0000000791780000, 0x00000007c0000000)
  eden space 564736K, 0% used [0x000000076ab00000,0x000000076ab00000,0x000000078d280000)
  from space 24064K, 99% used [0x0000000790000000,0x000000079177eb88,0x0000000791780000)
  to   space 34816K, 0% used [0x000000078d380000,0x000000078d380000,0x000000078f580000)
 ParOldGen       total 321024K, used 64368K [0x00000006c0000000, 0x00000006d3980000, 0x000000076ab00000)
  object space 321024K, 20% used [0x00000006c0000000,0x00000006c3edc290,0x00000006d3980000)
 Metaspace       used 64097K, capacity 65128K, committed 65496K, reserved 1105920K
  class space    used 7835K, capacity 8077K, committed 8192K, reserved 1048576K
}
Event: 14.390 GC heap before
{Heap before GC invocations=14 (full 3):
 PSYoungGen      total 588800K, used 588794K [0x000000076ab00000, 0x0000000791780000, 0x00000007c0000000)
  eden space 564736K, 100% used [0x000000076ab00000,0x000000078d280000,0x000000078d280000)
  from space 24064K, 99% used [0x0000000790000000,0x000000079177eb88,0x0000000791780000)
  to   space 34816K, 0% used [0x000000078d380000,0x000000078d380000,0x000000078f580000)
 ParOldGen       total 321024K, used 64368K [0x00000006c0000000, 0x00000006d3980000, 0x000000076ab00000)
  object space 321024K, 20% used [0x00000006c0000000,0x00000006c3edc290,0x00000006d3980000)
 Metaspace       used 67833K, capacity 68864K, committed 69336K, reserved 1110016K
  class space    used 8361K, capacity 8603K, committed 8704K, reserved 1048576K
Event: 14.416 GC heap after
Heap after GC invocations=14 (full 3):
 PSYoungGen      total 600576K, used 32365K [0x000000076ab00000, 0x0000000796180000, 0x00000007c0000000)
  eden space 565760K, 0% used [0x000000076ab00000,0x000000076ab00000,0x000000078d380000)
  from space 34816K, 92% used [0x000000078d380000,0x000000078f31b560,0x000000078f580000)
  to   space 37888K, 0% used [0x0000000793c80000,0x0000000793c80000,0x0000000796180000)
 ParOldGen       total 321024K, used 64376K [0x00000006c0000000, 0x00000006d3980000, 0x000000076ab00000)
  object space 321024K, 20% used [0x00000006c0000000,0x00000006c3ede290,0x00000006d3980000)
 Metaspace       used 67833K, capacity 68864K, committed 69336K, reserved 1110016K
  class space    used 8361K, capacity 8603K, committed 8704K, reserved 1048576K
}
Event: 17.681 GC heap before
{Heap before GC invocations=15 (full 3):
 PSYoungGen      total 600576K, used 598125K [0x000000076ab00000, 0x0000000796180000, 0x00000007c0000000)
  eden space 565760K, 100% used [0x000000076ab00000,0x000000078d380000,0x000000078d380000)
  from space 34816K, 92% used [0x000000078d380000,0x000000078f31b560,0x000000078f580000)
  to   space 37888K, 0% used [0x0000000793c80000,0x0000000793c80000,0x0000000796180000)
 ParOldGen       total 321024K, used 64376K [0x00000006c0000000, 0x00000006d3980000, 0x000000076ab00000)
  object space 321024K, 20% used [0x00000006c0000000,0x00000006c3ede290,0x00000006d3980000)
 Metaspace       used 69359K, capacity 70466K, committed 71000K, reserved 1112064K
  class space    used 8545K, capacity 8806K, committed 8832K, reserved 1048576K
Event: 17.710 GC heap after
Heap after GC invocations=15 (full 3):
 PSYoungGen      total 668672K, used 37880K [0x000000076ab00000, 0x0000000796700000, 0x00000007c0000000)
  eden space 630784K, 0% used [0x000000076ab00000,0x000000076ab00000,0x0000000791300000)
  from space 37888K, 99% used [0x0000000793c80000,0x000000079617e3e0,0x0000000796180000)
  to   space 42496K, 0% used [0x0000000791300000,0x0000000791300000,0x0000000793c80000)
 ParOldGen       total 321024K, used 65064K [0x00000006c0000000, 0x00000006d3980000, 0x000000076ab00000)
  object space 321024K, 20% used [0x00000006c0000000,0x00000006c3f8a268,0x00000006d3980000)
 Metaspace       used 69359K, capacity 70466K, committed 71000K, reserved 1112064K
  class space    used 8545K, capacity 8806K, committed 8832K, reserved 1048576K
}
Event: 76.034 GC heap before
{Heap before GC invocations=16 (full 3):
 PSYoungGen      total 668672K, used 668664K [0x000000076ab00000, 0x0000000796700000, 0x00000007c0000000)
  eden space 630784K, 100% used [0x000000076ab00000,0x0000000791300000,0x0000000791300000)
  from space 37888K, 99% used [0x0000000793c80000,0x000000079617e3e0,0x0000000796180000)
  to   space 42496K, 0% used [0x0000000791300000,0x0000000791300000,0x0000000793c80000)
 ParOldGen       total 321024K, used 65064K [0x00000006c0000000, 0x00000006d3980000, 0x000000076ab00000)
  object space 321024K, 20% used [0x00000006c0000000,0x00000006c3f8a268,0x00000006d3980000)
 Metaspace       used 80151K, capacity 81372K, committed 81752K, reserved 1120256K
  class space    used 10001K, capacity 10301K, committed 10368K, reserved 1048576K
Event: 76.068 GC heap after
Heap after GC invocations=16 (full 3):
 PSYoungGen      total 673280K, used 42478K [0x000000076ab00000, 0x000000079ac80000, 0x00000007c0000000)
  eden space 630784K, 0% used [0x000000076ab00000,0x000000076ab00000,0x0000000791300000)
  from space 42496K, 99% used [0x0000000791300000,0x0000000793c7b888,0x0000000793c80000)
  to   space 49152K, 0% used [0x0000000797c80000,0x0000000797c80000,0x000000079ac80000)
 ParOldGen       total 321024K, used 68137K [0x00000006c0000000, 0x00000006d3980000, 0x000000076ab00000)
  object space 321024K, 21% used [0x00000006c0000000,0x00000006c428a628,0x00000006d3980000)
 Metaspace       used 80151K, capacity 81372K, committed 81752K, reserved 1120256K
  class space    used 10001K, capacity 10301K, committed 10368K, reserved 1048576K
}
Event: 3778.804 GC heap before
{Heap before GC invocations=17 (full 3):
 PSYoungGen      total 673280K, used 673262K [0x000000076ab00000, 0x000000079ac80000, 0x00000007c0000000)
  eden space 630784K, 100% used [0x000000076ab00000,0x0000000791300000,0x0000000791300000)
  from space 42496K, 99% used [0x0000000791300000,0x0000000793c7b888,0x0000000793c80000)
  to   space 49152K, 0% used [0x0000000797c80000,0x0000000797c80000,0x000000079ac80000)
 ParOldGen       total 321024K, used 68137K [0x00000006c0000000, 0x00000006d3980000, 0x000000076ab00000)
  object space 321024K, 21% used [0x00000006c0000000,0x00000006c428a628,0x00000006d3980000)
 Metaspace       used 83497K, capacity 85006K, committed 85080K, reserved 1124352K
  class space    used 10211K, capacity 10576K, committed 10624K, reserved 1048576K
Event: 3778.875 GC heap after
Heap after GC invocations=17 (full 3):
 PSYoungGen      total 636928K, used 28237K [0x000000076ab00000, 0x0000000799880000, 0x00000007c0000000)
  eden space 608256K, 0% used [0x000000076ab00000,0x000000076ab00000,0x000000078fd00000)
  from space 28672K, 98% used [0x0000000797c80000,0x0000000799813450,0x0000000799880000)
  to   space 47616K, 0% used [0x0000000793b80000,0x0000000793b80000,0x0000000796a00000)
 ParOldGen       total 321024K, used 68153K [0x00000006c0000000, 0x00000006d3980000, 0x000000076ab00000)
  object space 321024K, 21% used [0x00000006c0000000,0x00000006c428e628,0x00000006d3980000)
 Metaspace       used 83497K, capacity 85006K, committed 85080K, reserved 1124352K
  class space    used 10211K, capacity 10576K, committed 10624K, reserved 1048576K
}

Deoptimization events (10 events):
Event: 3526.412 Thread 0x00007f8f0e25f800 Uncommon trap: reason=unstable_if action=reinterpret pc=0x0000000108eba670 method=org.apache.tomcat.util.collections.SynchronizedQueue.poll()Ljava/lang/Object; @ 51
Event: 3533.086 Thread 0x00007f8f0c1c8000 Uncommon trap: reason=null_check action=make_not_entrant pc=0x0000000109175c30 method=com.thoughtworks.xstream.core.util.SerializationMembers.getRRMethod(Ljava/lang/Class;Ljava/lang/String;)Ljava/lang/reflect/Method; @ 20
Event: 5368.902 Thread 0x00007f8f0a679000 Uncommon trap: reason=null_check action=make_not_entrant pc=0x0000000109338fa8 method=org.springframework.core.annotation.AnnotationUtils.isSynthesizable(Ljava/lang/Class;)Z @ 119
Event: 5368.902 Thread 0x00007f8f0a679000 Uncommon trap: reason=unstable_if action=reinterpret pc=0x00000001092af9ac method=org.springframework.util.LinkedCaseInsensitiveMap.put(Ljava/lang/String;Ljava/lang/Object;)Ljava/lang/Object; @ 18
Event: 5368.903 Thread 0x00007f8f0a679000 Uncommon trap: reason=unstable_if action=reinterpret pc=0x000000010774f5d8 method=java.nio.Buffer.<init>(IIII)V @ 66
Event: 5368.903 Thread 0x00007f8f0a679000 Uncommon trap: reason=unstable_if action=reinterpret pc=0x0000000107435250 method=java.nio.Buffer.<init>(IIII)V @ 66
Event: 5368.903 Thread 0x00007f8f0a679000 Uncommon trap: reason=unstable_if action=reinterpret pc=0x00000001073e0abc method=java.nio.Buffer.position(I)Ljava/nio/Buffer; @ 33
Event: 5368.906 Thread 0x00007f8f0a679000 Uncommon trap: reason=unstable_if action=reinterpret pc=0x0000000109479028 method=com.fasterxml.jackson.databind.deser.BasicDeserializerFactory.findTypeDeserializer(Lcom/fasterxml/jackson/databind/DeserializationConfig;Lcom/fasterxml/jackson/databind/Java
Event: 5368.908 Thread 0x00007f8f0a679000 Uncommon trap: reason=unstable_if action=reinterpret pc=0x00000001094495cc method=com.fasterxml.jackson.databind.util.ClassUtil.getConstructors(Ljava/lang/Class;)[Lcom/fasterxml/jackson/databind/util/ClassUtil$Ctor; @ 4
Event: 5368.915 Thread 0x00007f8f0a679000 Uncommon trap: reason=unstable_if action=reinterpret pc=0x000000010918d0d4 method=com.fasterxml.jackson.databind.deser.DeserializerCache._hasCustomValueHandler(Lcom/fasterxml/jackson/databind/JavaType;)Z @ 27

Internal exceptions (10 events):
Event: 5095.773 Thread 0x00007f8f0d84b000 Exception <a 'java/net/ConnectException'> (0x00000007783f0208) thrown at [/Users/java_re/workspace/8-2-build-macosx-x86_64/jdk8u65/4987/hotspot/src/share/vm/prims/jni.cpp, line 709]
Event: 5125.786 Thread 0x00007f8f0d84b000 Exception <a 'java/net/ConnectException'> (0x0000000778635c90) thrown at [/Users/java_re/workspace/8-2-build-macosx-x86_64/jdk8u65/4987/hotspot/src/share/vm/prims/jni.cpp, line 709]
Event: 5155.795 Thread 0x00007f8f0d84b000 Exception <a 'java/net/ConnectException'> (0x000000077887b688) thrown at [/Users/java_re/workspace/8-2-build-macosx-x86_64/jdk8u65/4987/hotspot/src/share/vm/prims/jni.cpp, line 709]
Event: 5185.804 Thread 0x00007f8f0d84b000 Exception <a 'java/net/ConnectException'> (0x0000000778ac1090) thrown at [/Users/java_re/workspace/8-2-build-macosx-x86_64/jdk8u65/4987/hotspot/src/share/vm/prims/jni.cpp, line 709]
Event: 5215.814 Thread 0x00007f8f0d84b000 Exception <a 'java/net/ConnectException'> (0x0000000778d06a98) thrown at [/Users/java_re/workspace/8-2-build-macosx-x86_64/jdk8u65/4987/hotspot/src/share/vm/prims/jni.cpp, line 709]
Event: 5245.826 Thread 0x00007f8f0d84b000 Exception <a 'java/net/ConnectException'> (0x0000000778f4c4c0) thrown at [/Users/java_re/workspace/8-2-build-macosx-x86_64/jdk8u65/4987/hotspot/src/share/vm/prims/jni.cpp, line 709]
Event: 5275.837 Thread 0x00007f8f0d84b000 Exception <a 'java/net/ConnectException'> (0x0000000779191eb8) thrown at [/Users/java_re/workspace/8-2-build-macosx-x86_64/jdk8u65/4987/hotspot/src/share/vm/prims/jni.cpp, line 709]
Event: 5305.846 Thread 0x00007f8f0d84b000 Exception <a 'java/net/ConnectException'> (0x00000007793d78c0) thrown at [/Users/java_re/workspace/8-2-build-macosx-x86_64/jdk8u65/4987/hotspot/src/share/vm/prims/jni.cpp, line 709]
Event: 5335.858 Thread 0x00007f8f0d84b000 Exception <a 'java/net/ConnectException'> (0x000000077961d2d8) thrown at [/Users/java_re/workspace/8-2-build-macosx-x86_64/jdk8u65/4987/hotspot/src/share/vm/prims/jni.cpp, line 709]
Event: 5365.869 Thread 0x00007f8f0d84b000 Exception <a 'java/net/ConnectException'> (0x0000000779862cd0) thrown at [/Users/java_re/workspace/8-2-build-macosx-x86_64/jdk8u65/4987/hotspot/src/share/vm/prims/jni.cpp, line 709]

Events (10 events):
Event: 5368.920 loading class com/fasterxml/jackson/databind/deser/Deserializers$Base
Event: 5368.920 loading class com/fasterxml/jackson/databind/deser/Deserializers$Base done
Event: 5368.920 Executing VM operation: Deoptimize
Event: 5368.921 Executing VM operation: Deoptimize done
Event: 5368.922 loading class com/fasterxml/jackson/databind/ext/CoreXMLDeserializers$Std
Event: 5368.922 loading class com/fasterxml/jackson/databind/ext/CoreXMLDeserializers$Std done
Event: 5368.922 Thread 0x00007f8f0a679000 DEOPT PACKING pc=0x000000010945b89c sp=0x000000012c353980
Event: 5368.922 Thread 0x00007f8f0a679000 DEOPT UNPACKING pc=0x00000001071d0633 sp=0x000000012c353678 mode 0
Event: 5368.923 loading class org/uengine/util/dao/IDAO
Event: 5368.923 loading class org/uengine/util/dao/IDAO done


Dynamic libraries:
0x00000000094db000 	/System/Library/Frameworks/Cocoa.framework/Versions/A/Cocoa
0x00000000094db000 	/System/Library/Frameworks/Security.framework/Versions/A/Security
0x00000000094db000 	/System/Library/Frameworks/ApplicationServices.framework/Versions/A/ApplicationServices
0x00000000094db000 	/usr/lib/libz.1.dylib
0x00000000094db000 	/usr/lib/libSystem.B.dylib
0x00000000094db000 	/usr/lib/libobjc.A.dylib
0x00000000094db000 	/System/Library/Frameworks/CoreFoundation.framework/Versions/A/CoreFoundation
0x00000000094db000 	/System/Library/Frameworks/Foundation.framework/Versions/C/Foundation
0x00000000094db000 	/System/Library/Frameworks/AppKit.framework/Versions/C/AppKit
0x00000000094db000 	/System/Library/Frameworks/CoreData.framework/Versions/A/CoreData
0x00000000094db000 	/System/Library/PrivateFrameworks/RemoteViewServices.framework/Versions/A/RemoteViewServices
0x00000000094db000 	/System/Library/PrivateFrameworks/UIFoundation.framework/Versions/A/UIFoundation
0x00000000094db000 	/System/Library/Frameworks/IOSurface.framework/Versions/A/IOSurface
0x00000000094db000 	/System/Library/Frameworks/AudioToolbox.framework/Versions/A/AudioToolbox
0x00000000094db000 	/System/Library/Frameworks/AudioUnit.framework/Versions/A/AudioUnit
0x00000000094db000 	/System/Library/PrivateFrameworks/DataDetectorsCore.framework/Versions/A/DataDetectorsCore
0x00000000094db000 	/System/Library/PrivateFrameworks/DesktopServicesPriv.framework/Versions/A/DesktopServicesPriv
0x00000000094db000 	/System/Library/Frameworks/Carbon.framework/Versions/A/Frameworks/HIToolbox.framework/Versions/A/HIToolbox
0x00000000094db000 	/System/Library/Frameworks/QuartzCore.framework/Versions/A/QuartzCore
0x00000000094db000 	/System/Library/Frameworks/Carbon.framework/Versions/A/Frameworks/SpeechRecognition.framework/Versions/A/SpeechRecognition
0x00000000094db000 	/usr/lib/libauto.dylib
0x00000000094db000 	/usr/lib/libicucore.A.dylib
0x00000000094db000 	/usr/lib/libxml2.2.dylib
0x00000000094db000 	/System/Library/PrivateFrameworks/CoreUI.framework/Versions/A/CoreUI
0x00000000094db000 	/System/Library/Frameworks/CoreAudio.framework/Versions/A/CoreAudio
0x00000000094db000 	/System/Library/Frameworks/DiskArbitration.framework/Versions/A/DiskArbitration
0x00000000094db000 	/usr/lib/liblangid.dylib
0x00000000094db000 	/System/Library/PrivateFrameworks/MultitouchSupport.framework/Versions/A/MultitouchSupport
0x00000000094db000 	/System/Library/Frameworks/IOKit.framework/Versions/A/IOKit
0x00000000094db000 	/usr/lib/libDiagnosticMessagesClient.dylib
0x00000000094db000 	/System/Library/Frameworks/CoreServices.framework/Versions/A/CoreServices
0x00000000094db000 	/System/Library/PrivateFrameworks/PerformanceAnalysis.framework/Versions/A/PerformanceAnalysis
0x00000000094db000 	/System/Library/PrivateFrameworks/GenerationalStorage.framework/Versions/A/GenerationalStorage
0x00000000094db000 	/System/Library/Frameworks/OpenGL.framework/Versions/A/OpenGL
0x00000000094db000 	/System/Library/PrivateFrameworks/Sharing.framework/Versions/A/Sharing
0x00000000094db000 	/System/Library/Frameworks/CoreGraphics.framework/Versions/A/CoreGraphics
0x00000000094db000 	/System/Library/Frameworks/CoreText.framework/Versions/A/CoreText
0x00000000094db000 	/System/Library/Frameworks/ImageIO.framework/Versions/A/ImageIO
0x00000000094db000 	/usr/lib/libextension.dylib
0x00000000094db000 	/System/Library/PrivateFrameworks/Backup.framework/Versions/A/Backup
0x00000000094db000 	/usr/lib/libarchive.2.dylib
0x00000000094db000 	/System/Library/Frameworks/CFNetwork.framework/Versions/A/CFNetwork
0x00000000094db000 	/System/Library/Frameworks/SystemConfiguration.framework/Versions/A/SystemConfiguration
0x00000000094db000 	/usr/lib/libCRFSuite.dylib
0x00000000094db000 	/usr/lib/libc++.1.dylib
0x00000000094db000 	/usr/lib/libc++abi.dylib
0x00000000094db000 	/usr/lib/system/libcache.dylib
0x00000000094db000 	/usr/lib/system/libcommonCrypto.dylib
0x00000000094db000 	/usr/lib/system/libcompiler_rt.dylib
0x00000000094db000 	/usr/lib/system/libcopyfile.dylib
0x00000000094db000 	/usr/lib/system/libcorecrypto.dylib
0x00000000094db000 	/usr/lib/system/libdispatch.dylib
0x00000000094db000 	/usr/lib/system/libdyld.dylib
0x00000000094db000 	/usr/lib/system/libkeymgr.dylib
0x00000000094db000 	/usr/lib/system/liblaunch.dylib
0x00000000094db000 	/usr/lib/system/libmacho.dylib
0x00000000094db000 	/usr/lib/system/libquarantine.dylib
0x00000000094db000 	/usr/lib/system/libremovefile.dylib
0x00000000094db000 	/usr/lib/system/libsystem_asl.dylib
0x00000000094db000 	/usr/lib/system/libsystem_blocks.dylib
0x00000000094db000 	/usr/lib/system/libsystem_c.dylib
0x00000000094db000 	/usr/lib/system/libsystem_configuration.dylib
0x00000000094db000 	/usr/lib/system/libsystem_coreservices.dylib
0x00000000094db000 	/usr/lib/system/libsystem_coretls.dylib
0x00000000094db000 	/usr/lib/system/libsystem_dnssd.dylib
0x00000000094db000 	/usr/lib/system/libsystem_info.dylib
0x00000000094db000 	/usr/lib/system/libsystem_kernel.dylib
0x00000000094db000 	/usr/lib/system/libsystem_m.dylib
0x00000000094db000 	/usr/lib/system/libsystem_malloc.dylib
0x00000000094db000 	/usr/lib/system/libsystem_network.dylib
0x00000000094db000 	/usr/lib/system/libsystem_networkextension.dylib
0x00000000094db000 	/usr/lib/system/libsystem_notify.dylib
0x00000000094db000 	/usr/lib/system/libsystem_platform.dylib
0x00000000094db000 	/usr/lib/system/libsystem_pthread.dylib
0x00000000094db000 	/usr/lib/system/libsystem_sandbox.dylib
0x00000000094db000 	/usr/lib/system/libsystem_secinit.dylib
0x00000000094db000 	/usr/lib/system/libsystem_stats.dylib
0x00000000094db000 	/usr/lib/system/libsystem_trace.dylib
0x00000000094db000 	/usr/lib/system/libunc.dylib
0x00000000094db000 	/usr/lib/system/libunwind.dylib
0x00000000094db000 	/usr/lib/system/libxpc.dylib
0x00000000094db000 	/usr/lib/libbz2.1.0.dylib
0x00000000094db000 	/usr/lib/liblzma.5.dylib
0x00000000094db000 	/usr/lib/libbsm.0.dylib
0x00000000094db000 	/usr/lib/libsqlite3.dylib
0x00000000094db000 	/usr/lib/system/libkxld.dylib
0x00000000094db000 	/usr/lib/libxar.1.dylib
0x00000000094db000 	/usr/lib/libpam.2.dylib
0x00000000094db000 	/usr/lib/libOpenScriptingUtil.dylib
0x00000000094db000 	/System/Library/Frameworks/CoreServices.framework/Versions/A/Frameworks/FSEvents.framework/Versions/A/FSEvents
0x00000000094db000 	/System/Library/Frameworks/CoreServices.framework/Versions/A/Frameworks/CarbonCore.framework/Versions/A/CarbonCore
0x00000000094db000 	/System/Library/Frameworks/CoreServices.framework/Versions/A/Frameworks/Metadata.framework/Versions/A/Metadata
0x00000000094db000 	/System/Library/Frameworks/CoreServices.framework/Versions/A/Frameworks/OSServices.framework/Versions/A/OSServices
0x00000000094db000 	/System/Library/Frameworks/CoreServices.framework/Versions/A/Frameworks/SearchKit.framework/Versions/A/SearchKit
0x00000000094db000 	/System/Library/Frameworks/CoreServices.framework/Versions/A/Frameworks/AE.framework/Versions/A/AE
0x00000000094db000 	/System/Library/Frameworks/CoreServices.framework/Versions/A/Frameworks/LaunchServices.framework/Versions/A/LaunchServices
0x00000000094db000 	/System/Library/Frameworks/CoreServices.framework/Versions/A/Frameworks/DictionaryServices.framework/Versions/A/DictionaryServices
0x00000000094db000 	/System/Library/Frameworks/NetFS.framework/Versions/A/NetFS
0x00000000094db000 	/System/Library/PrivateFrameworks/NetAuth.framework/Versions/A/NetAuth
0x00000000094db000 	/System/Library/PrivateFrameworks/login.framework/Versions/A/Frameworks/loginsupport.framework/Versions/A/loginsupport
0x00000000094db000 	/System/Library/PrivateFrameworks/TCC.framework/Versions/A/TCC
0x00000000094db000 	/usr/lib/libmecabra.dylib
0x00000000094db000 	/System/Library/Frameworks/ApplicationServices.framework/Versions/A/Frameworks/ATS.framework/Versions/A/ATS
0x00000000094db000 	/System/Library/Frameworks/ApplicationServices.framework/Versions/A/Frameworks/ColorSync.framework/Versions/A/ColorSync
0x00000000094db000 	/System/Library/Frameworks/ApplicationServices.framework/Versions/A/Frameworks/HIServices.framework/Versions/A/HIServices
0x00000000094db000 	/System/Library/Frameworks/ApplicationServices.framework/Versions/A/Frameworks/LangAnalysis.framework/Versions/A/LangAnalysis
0x00000000094db000 	/System/Library/Frameworks/ApplicationServices.framework/Versions/A/Frameworks/PrintCore.framework/Versions/A/PrintCore
0x00000000094db000 	/System/Library/Frameworks/ApplicationServices.framework/Versions/A/Frameworks/QD.framework/Versions/A/QD
0x00000000094db000 	/System/Library/Frameworks/ApplicationServices.framework/Versions/A/Frameworks/SpeechSynthesis.framework/Versions/A/SpeechSynthesis
0x00000000094db000 	/System/Library/Frameworks/Accelerate.framework/Versions/A/Accelerate
0x00000000094db000 	/System/Library/Frameworks/Accelerate.framework/Versions/A/Frameworks/vImage.framework/Versions/A/vImage
0x00000000094db000 	/System/Library/Frameworks/Accelerate.framework/Versions/A/Frameworks/vecLib.framework/Versions/A/vecLib
0x00000000094db000 	/System/Library/Frameworks/Accelerate.framework/Versions/A/Frameworks/vecLib.framework/Versions/A/libvDSP.dylib
0x00000000094db000 	/System/Library/Frameworks/Accelerate.framework/Versions/A/Frameworks/vecLib.framework/Versions/A/libvMisc.dylib
0x00000000094db000 	/System/Library/Frameworks/Accelerate.framework/Versions/A/Frameworks/vecLib.framework/Versions/A/libLAPACK.dylib
0x00000000094db000 	/System/Library/Frameworks/Accelerate.framework/Versions/A/Frameworks/vecLib.framework/Versions/A/libBLAS.dylib
0x00000000094db000 	/System/Library/Frameworks/Accelerate.framework/Versions/A/Frameworks/vecLib.framework/Versions/A/libLinearAlgebra.dylib
0x00000000094db000 	/System/Library/Frameworks/ApplicationServices.framework/Versions/A/Frameworks/ATS.framework/Versions/A/Resources/libFontParser.dylib
0x00000000094db000 	/System/Library/Frameworks/ApplicationServices.framework/Versions/A/Frameworks/ATS.framework/Versions/A/Resources/libFontRegistry.dylib
0x00000000094db000 	/System/Library/PrivateFrameworks/AppleVPA.framework/Versions/A/AppleVPA
0x00000000094db000 	/System/Library/PrivateFrameworks/AppleJPEG.framework/Versions/A/AppleJPEG
0x00000000094db000 	/System/Library/Frameworks/ImageIO.framework/Versions/A/Resources/libJPEG.dylib
0x00000000094db000 	/System/Library/Frameworks/ImageIO.framework/Versions/A/Resources/libTIFF.dylib
0x00000000094db000 	/System/Library/Frameworks/ImageIO.framework/Versions/A/Resources/libPng.dylib
0x00000000094db000 	/System/Library/Frameworks/ImageIO.framework/Versions/A/Resources/libGIF.dylib
0x00000000094db000 	/System/Library/Frameworks/ImageIO.framework/Versions/A/Resources/libJP2.dylib
0x00000000094db000 	/System/Library/Frameworks/ImageIO.framework/Versions/A/Resources/libRadiance.dylib
0x00000000094db000 	/System/Library/Frameworks/CoreVideo.framework/Versions/A/CoreVideo
0x00000000094db000 	/System/Library/Frameworks/OpenGL.framework/Versions/A/Libraries/libGLU.dylib
0x00000000094db000 	/System/Library/Frameworks/OpenGL.framework/Versions/A/Libraries/libGFXShared.dylib
0x00000000094db000 	/System/Library/Frameworks/OpenGL.framework/Versions/A/Libraries/libGL.dylib
0x00000000094db000 	/System/Library/Frameworks/OpenGL.framework/Versions/A/Libraries/libGLImage.dylib
0x00000000094db000 	/System/Library/Frameworks/OpenGL.framework/Versions/A/Libraries/libCVMSPluginSupport.dylib
0x00000000094db000 	/System/Library/Frameworks/OpenGL.framework/Versions/A/Libraries/libCoreVMClient.dylib
0x00000000094db000 	/usr/lib/libcups.2.dylib
0x00000000094db000 	/System/Library/Frameworks/Kerberos.framework/Versions/A/Kerberos
0x00000000094db000 	/System/Library/Frameworks/GSS.framework/Versions/A/GSS
0x00000000094db000 	/usr/lib/libresolv.9.dylib
0x00000000094db000 	/usr/lib/libiconv.2.dylib
0x00000000094db000 	/System/Library/PrivateFrameworks/Heimdal.framework/Versions/A/Heimdal
0x00000000094db000 	/usr/lib/libheimdal-asn1.dylib
0x00000000094db000 	/System/Library/Frameworks/OpenDirectory.framework/Versions/A/OpenDirectory
0x00000000094db000 	/System/Library/PrivateFrameworks/CommonAuth.framework/Versions/A/CommonAuth
0x00000000094db000 	/System/Library/Frameworks/OpenDirectory.framework/Versions/A/Frameworks/CFOpenDirectory.framework/Versions/A/CFOpenDirectory
0x00000000094db000 	/System/Library/Frameworks/SecurityFoundation.framework/Versions/A/SecurityFoundation
0x00000000094db000 	/System/Library/PrivateFrameworks/LanguageModeling.framework/Versions/A/LanguageModeling
0x00000000094db000 	/usr/lib/libcmph.dylib
0x00000000094db000 	/System/Library/Frameworks/ServiceManagement.framework/Versions/A/ServiceManagement
0x00000000094db000 	/usr/lib/libxslt.1.dylib
0x00000000094db000 	/System/Library/Frameworks/Carbon.framework/Versions/A/Frameworks/Ink.framework/Versions/A/Ink
0x00000000094db000 	/System/Library/Frameworks/QuartzCore.framework/Versions/A/Frameworks/CoreImage.framework/Versions/A/CoreImage
0x00000000094db000 	/System/Library/PrivateFrameworks/CrashReporterSupport.framework/Versions/A/CrashReporterSupport
0x00000000094db000 	/System/Library/Frameworks/OpenCL.framework/Versions/A/OpenCL
0x00000000094db000 	/System/Library/PrivateFrameworks/FaceCore.framework/Versions/A/FaceCore
0x00000000094db000 	/System/Library/PrivateFrameworks/Ubiquity.framework/Versions/A/Ubiquity
0x00000000094db000 	/System/Library/PrivateFrameworks/IconServices.framework/Versions/A/IconServices
0x00000000094db000 	/System/Library/PrivateFrameworks/ChunkingLibrary.framework/Versions/A/ChunkingLibrary
0x00000000094db000 	/System/Library/PrivateFrameworks/Apple80211.framework/Versions/A/Apple80211
0x00000000094db000 	/System/Library/Frameworks/CoreWLAN.framework/Versions/A/CoreWLAN
0x00000000094db000 	/System/Library/Frameworks/IOBluetooth.framework/Versions/A/IOBluetooth
0x00000000094db000 	/System/Library/PrivateFrameworks/CoreWiFi.framework/Versions/A/CoreWiFi
0x00000000094db000 	/System/Library/Frameworks/CoreBluetooth.framework/Versions/A/CoreBluetooth
0x00000000094db000 	/System/Library/PrivateFrameworks/DebugSymbols.framework/Versions/A/DebugSymbols
0x00000000094db000 	/System/Library/PrivateFrameworks/CoreSymbolication.framework/Versions/A/CoreSymbolication
0x00000000094db000 	/System/Library/PrivateFrameworks/Symbolication.framework/Versions/A/Symbolication
0x00000000094db000 	/System/Library/PrivateFrameworks/SpeechRecognitionCore.framework/Versions/A/SpeechRecognitionCore
0x000000004a4b6000 	/System/Library/CoreServices/Encodings/libKoreanConverter.dylib
0x0000000106200000 	/Library/Java/JavaVirtualMachines/jdk1.8.0_65.jdk/Contents/Home/jre/lib/server/libjvm.dylib
0x00000000094db000 	/usr/lib/libstdc++.6.dylib
0x00000001051a9000 	/Library/Java/JavaVirtualMachines/jdk1.8.0_65.jdk/Contents/Home/jre/lib/libverify.dylib
0x00000001051b7000 	/Library/Java/JavaVirtualMachines/jdk1.8.0_65.jdk/Contents/Home/jre/lib/libjava.dylib
0x00000001051f6000 	/Library/Java/JavaVirtualMachines/jdk1.8.0_65.jdk/Contents/Home/jre/lib/libzip.dylib
0x0000000122d5f000 	/System/Library/Frameworks/JavaVM.framework/Frameworks/JavaRuntimeSupport.framework/JavaRuntimeSupport
0x0000000122d75000 	/System/Library/Frameworks/JavaVM.framework/Versions/A/Frameworks/JavaNativeFoundation.framework/Versions/A/JavaNativeFoundation
0x0000000122d89000 	/System/Library/Frameworks/JavaVM.framework/Versions/A/JavaVM
0x00000000094db000 	/System/Library/Frameworks/Carbon.framework/Versions/A/Carbon
0x0000000122d95000 	/System/Library/PrivateFrameworks/JavaLaunching.framework/Versions/A/JavaLaunching
0x00000000094db000 	/System/Library/Frameworks/Carbon.framework/Versions/A/Frameworks/CommonPanels.framework/Versions/A/CommonPanels
0x00000000094db000 	/System/Library/Frameworks/Carbon.framework/Versions/A/Frameworks/Help.framework/Versions/A/Help
0x00000000094db000 	/System/Library/Frameworks/Carbon.framework/Versions/A/Frameworks/ImageCapture.framework/Versions/A/ImageCapture
0x00000000094db000 	/System/Library/Frameworks/Carbon.framework/Versions/A/Frameworks/OpenScripting.framework/Versions/A/OpenScripting
0x00000000094db000 	/System/Library/Frameworks/Carbon.framework/Versions/A/Frameworks/Print.framework/Versions/A/Print
0x00000000094db000 	/System/Library/Frameworks/Carbon.framework/Versions/A/Frameworks/SecurityHI.framework/Versions/A/SecurityHI
0x0000000122eae000 	/Applications/IntelliJ IDEA.app/Contents/bin/libbreakgen64.jnilib
0x0000000124eac000 	/Library/Java/JavaVirtualMachines/jdk1.8.0_65.jdk/Contents/Home/jre/lib/libnet.dylib
0x00000001250f9000 	/Library/Java/JavaVirtualMachines/jdk1.8.0_65.jdk/Contents/Home/jre/lib/libnio.dylib
0x00000001252dc000 	/Library/Java/JavaVirtualMachines/jdk1.8.0_65.jdk/Contents/Home/jre/lib/libmanagement.dylib
0x0000000122da1000 	/Library/Java/JavaVirtualMachines/jdk1.8.0_65.jdk/Contents/Home/jre/lib/libsunec.dylib

VM Arguments:
jvm_args: -Dmaven.multiModuleProjectDirectory=/Users/uengine/pasmini/definition-service -Dmaven.home=/Applications/IntelliJ IDEA.app/Contents/plugins/maven/lib/maven3 -Dclassworlds.conf=/Applications/IntelliJ IDEA.app/Contents/plugins/maven/lib/maven3/bin/m2.conf -Didea.launcher.port=7532 -Didea.launcher.bin.path=/Applications/IntelliJ IDEA.app/Contents/bin -Dfile.encoding=UTF-8 
java_command: com.intellij.rt.execution.application.AppMain org.codehaus.classworlds.Launcher -Didea.version=2016.3 spring-boot:run -Dserver.port=9001 -Dargs=--spring.profiles.active=msa
java_class_path (initial): /Applications/IntelliJ IDEA.app/Contents/plugins/maven/lib/maven3/boot/plexus-classworlds-2.5.2.jar:/Applications/IntelliJ IDEA.app/Contents/lib/idea_rt.jar
Launcher Type: SUN_STANDARD

Environment Variables:
JAVA_HOME=/Library/Java/JavaVirtualMachines/jdk1.8.0_65.jdk/Contents/Home
PATH=/Library/Frameworks/Python.framework/Versions/3.6/bin:/Users/uengine/.sdkman/candidates/gradle/current/bin:/Users/uengine/apache-maven-3.3.9/bin:/usr/local/bin:/usr/bin:/bin:/usr/sbin:/sbin:/Library/Python/2.7/bin
SHELL=/bin/bash

Signal Handlers:
SIGSEGV: [libjvm.dylib+0x5a6d31], sa_mask[0]=11111111011111110111111111111111, sa_flags=SA_ONSTACK|SA_RESTART|SA_SIGINFO
SIGBUS: [libjvm.dylib+0x5a6d31], sa_mask[0]=11111111011111110111111111111111, sa_flags=SA_RESTART|SA_SIGINFO
SIGFPE: [libjvm.dylib+0x480a40], sa_mask[0]=11111111011111110111111111111111, sa_flags=SA_RESTART|SA_SIGINFO
SIGPIPE: [libjvm.dylib+0x480a40], sa_mask[0]=11111111011111110111111111111111, sa_flags=SA_RESTART|SA_SIGINFO
SIGXFSZ: [libjvm.dylib+0x480a40], sa_mask[0]=11111111011111110111111111111111, sa_flags=SA_RESTART|SA_SIGINFO
SIGILL: [libjvm.dylib+0x480a40], sa_mask[0]=11111111011111110111111111111111, sa_flags=SA_RESTART|SA_SIGINFO
SIGUSR1: SIG_DFL, sa_mask[0]=00000000000000000000000000000000, sa_flags=none
SIGUSR2: [libjvm.dylib+0x48055e], sa_mask[0]=00100000000000000000000000000000, sa_flags=SA_RESTART|SA_SIGINFO
SIGHUP: [libjvm.dylib+0x47eb35], sa_mask[0]=11111111011111110111111111111111, sa_flags=SA_RESTART|SA_SIGINFO
SIGINT: [libjvm.dylib+0x47eb35], sa_mask[0]=11111111011111110111111111111111, sa_flags=SA_RESTART|SA_SIGINFO
SIGTERM: [libjvm.dylib+0x47eb35], sa_mask[0]=11111111011111110111111111111111, sa_flags=SA_RESTART|SA_SIGINFO
SIGQUIT: [libjvm.dylib+0x47eb35], sa_mask[0]=11111111011111110111111111111111, sa_flags=SA_RESTART|SA_SIGINFO


---------------  S Y S T E M  ---------------

OS:Bsduname:Darwin 14.5.0 Darwin Kernel Version 14.5.0: Mon Jan 11 18:48:35 PST 2016; root:xnu-2782.50.2~1/RELEASE_X86_64 x86_64
rlimit: STACK 8192k, CORE 0k, NPROC 709, NOFILE 10240, AS infinity
load average:6.63 6.89 6.92

CPU:total 8 (4 cores per cpu, 2 threads per core) family 6 model 70 stepping 1, cmov, cx8, fxsr, mmx, sse, sse2, sse3, ssse3, sse4.1, sse4.2, popcnt, avx, avx2, aes, clmul, erms, rtm, lzcnt, ht, tsc, tscinvbit, bmi1, bmi2

Memory: 4k page, physical 16777216k(24016k free)

/proc/meminfo:


vm_info: Java HotSpot(TM) 64-Bit Server VM (25.65-b01) for bsd-amd64 JRE (1.8.0_65-b17), built on Oct  6 2015 15:36:46 by "java_re" with gcc 4.2.1 (Based on Apple Inc. build 5658) (LLVM build 2336.11.00)

time: Thu Jan 11 19:55:30 2018
elapsed time: 5368 seconds (0d 1h 29m 28s)

